loading model... cornet_z_cl random
extracting features... upright
extracting features... inverted
Analyzing pref...
['cornet_z_cl', 'random', 'cropped_face', 0.50087214, 0.5005188584327698, 0.5011601209640503]
cornet_z_cl cropped_face Saved
extracting features... upright
extracting features... inverted
Analyzing pref...
['cornet_z_cl', 'random', 'au', 0.506825, 0.5064551800489425, 0.5072007149457931]
cornet_z_cl au Saved
extracting features... upright
extracting features... inverted
Analyzing pref...
['cornet_z_cl', 'random', 'schematic', 0.502883, 0.502556386590004, 0.5032368570566177]
cornet_z_cl schematic Saved
extracting features... upright
extracting features... inverted
Analyzing pref...
['cornet_z_cl', 'random', 'cropped_face', 0.5022015, 0.5016939491033554, 0.5027098447084427]
cornet_z_cl cropped_face Saved
extracting features... upright
extracting features... inverted
Analyzing pref...
['cornet_z_cl', 'random', 'au', 0.49997702, 0.4997315287590027, 0.5002128183841705]
cornet_z_cl au Saved
extracting features... upright
extracting features... inverted
Analyzing pref...
['cornet_z_cl', 'random', 'schematic', 0.50237596, 0.5018465906381607, 0.5029137611389161]
cornet_z_cl schematic Saved
extracting features... upright
extracting features... inverted
Analyzing pref...
['cornet_z_cl', 'random', 'cropped_face', 0.50118494, 0.5008004933595658, 0.5015627801418304]
cornet_z_cl cropped_face Saved
extracting features... upright
extracting features... inverted
Analyzing pref...
['cornet_z_cl', 'random', 'au', 0.49627987, 0.49607069343328475, 0.496489916741848]
cornet_z_cl au Saved
extracting features... upright
extracting features... inverted
Analyzing pref...
['cornet_z_cl', 'random', 'schematic', 0.5005601, 0.5002506643533706, 0.5008424699306488]
cornet_z_cl schematic Saved
loading model... cornet_z_cl imagenet_noface
extracting features... upright
extracting features... inverted
Analyzing pref...
['cornet_z_cl', 'imagenet_noface', 'cropped_face', 0.50924116, 0.5070340394973755, 0.5117193996906281]
cornet_z_cl cropped_face Saved
extracting features... upright
extracting features... inverted
Analyzing pref...
['cornet_z_cl', 'imagenet_noface', 'au', 0.50588185, 0.505082631111145, 0.5066573768854141]
cornet_z_cl au Saved
extracting features... upright
extracting features... inverted
Analyzing pref...
['cornet_z_cl', 'imagenet_noface', 'schematic', 0.5062714, 0.5030992001295089, 0.5087184458971024]
cornet_z_cl schematic Saved
extracting features... upright
extracting features... inverted
Analyzing pref...
['cornet_z_cl', 'imagenet_noface', 'cropped_face', 0.515088, 0.5105546683073043, 0.5186039417982101]
cornet_z_cl cropped_face Saved
extracting features... upright
extracting features... inverted
Analyzing pref...
['cornet_z_cl', 'imagenet_noface', 'au', 0.49813992, 0.4967697739601135, 0.49931598752737044]
cornet_z_cl au Saved
extracting features... upright
extracting features... inverted
Analyzing pref...
['cornet_z_cl', 'imagenet_noface', 'schematic', 0.50495744, 0.5013033986091614, 0.5083400160074234]
cornet_z_cl schematic Saved
extracting features... upright
extracting features... inverted
Analyzing pref...
['cornet_z_cl', 'imagenet_noface', 'cropped_face', 0.510081, 0.5063017457723618, 0.5137120932340622]
cornet_z_cl cropped_face Saved
extracting features... upright
extracting features... inverted
Analyzing pref...
['cornet_z_cl', 'imagenet_noface', 'au', 0.5004733, 0.49935580790042877, 0.5014024436473846]
cornet_z_cl au Saved
extracting features... upright
extracting features... inverted
Analyzing pref...
['cornet_z_cl', 'imagenet_noface', 'schematic', 0.5079431, 0.5052773922681808, 0.510663452744484]
cornet_z_cl schematic Saved
loading model... cornet_z_cl imagenet_oneface
extracting features... upright
extracting features... inverted
Analyzing pref...
['cornet_z_cl', 'imagenet_oneface', 'cropped_face', 0.51540846, 0.5131224006414413, 0.5171844482421875]
cornet_z_cl cropped_face Saved
extracting features... upright
extracting features... inverted
Analyzing pref...
['cornet_z_cl', 'imagenet_oneface', 'au', 0.5131134, 0.5122440308332443, 0.5139992773532868]
cornet_z_cl au Saved
extracting features... upright
extracting features... inverted
Analyzing pref...
['cornet_z_cl', 'imagenet_oneface', 'schematic', 0.50340533, 0.5003054589033127, 0.5060664504766464]
cornet_z_cl schematic Saved
extracting features... upright
extracting features... inverted
Analyzing pref...
['cornet_z_cl', 'imagenet_oneface', 'cropped_face', 0.57725066, 0.5726436316967011, 0.5816400438547135]
cornet_z_cl cropped_face Saved
extracting features... upright
extracting features... inverted
Analyzing pref...
['cornet_z_cl', 'imagenet_oneface', 'au', 0.5232852, 0.5212117791175842, 0.5247935831546784]
cornet_z_cl au Saved
extracting features... upright
extracting features... inverted
Analyzing pref...
['cornet_z_cl', 'imagenet_oneface', 'schematic', 0.4902581, 0.4869607761502266, 0.4930673375725746]
cornet_z_cl schematic Saved
extracting features... upright
extracting features... inverted
Analyzing pref...
['cornet_z_cl', 'imagenet_oneface', 'cropped_face', 0.5497425, 0.5458367943763733, 0.5539821237325668]
cornet_z_cl cropped_face Saved
extracting features... upright
extracting features... inverted
Analyzing pref...
['cornet_z_cl', 'imagenet_oneface', 'au', 0.512276, 0.5109222531318665, 0.5132806420326232]
cornet_z_cl au Saved
extracting features... upright
extracting features... inverted
Analyzing pref...
['cornet_z_cl', 'imagenet_oneface', 'schematic', 0.4855326, 0.4826075419783592, 0.4884424269199371]
cornet_z_cl schematic Saved
loading model... cornet_z_cl imagenet_vggface
extracting features... upright
extracting features... inverted
Analyzing pref...
['cornet_z_cl', 'imagenet_vggface', 'cropped_face', 0.7051468, 0.6996860504150391, 0.7102905005216599]
cornet_z_cl cropped_face Saved
extracting features... upright
extracting features... inverted
Analyzing pref...
['cornet_z_cl', 'imagenet_vggface', 'au', 0.6818951, 0.6793732851743698, 0.6837895274162292]
cornet_z_cl au Saved
extracting features... upright
extracting features... inverted
Analyzing pref...
['cornet_z_cl', 'imagenet_vggface', 'schematic', 0.5119534, 0.5080042511224747, 0.5154874503612519]
cornet_z_cl schematic Saved
extracting features... upright
extracting features... inverted
Analyzing pref...
['cornet_z_cl', 'imagenet_vggface', 'cropped_face', 0.6192865, 0.6140122205018997, 0.624130716919899]
cornet_z_cl cropped_face Saved
extracting features... upright
extracting features... inverted
Analyzing pref...
['cornet_z_cl', 'imagenet_vggface', 'au', 0.5530683, 0.5507283985614777, 0.5548084259033204]
cornet_z_cl au Saved
extracting features... upright
extracting features... inverted
Analyzing pref...
['cornet_z_cl', 'imagenet_vggface', 'schematic', 0.54443675, 0.5383615076541901, 0.5486376583576202]
cornet_z_cl schematic Saved
extracting features... upright
extracting features... inverted
Analyzing pref...
['cornet_z_cl', 'imagenet_vggface', 'cropped_face', 0.5001518, 0.49693701416254044, 0.5027531206607818]
cornet_z_cl cropped_face Saved
extracting features... upright
extracting features... inverted
Analyzing pref...
['cornet_z_cl', 'imagenet_vggface', 'au', 0.49364918, 0.49237070530653, 0.49494231939315797]
cornet_z_cl au Saved
extracting features... upright
extracting features... inverted
Analyzing pref...
['cornet_z_cl', 'imagenet_vggface', 'schematic', 0.52176774, 0.5184416681528091, 0.5241389244794845]
cornet_z_cl schematic Saved
loading model... cornet_z_cl vggface_oneobject
extracting features... upright
extracting features... inverted
Analyzing pref...
['cornet_z_cl', 'vggface_oneobject', 'cropped_face', 0.5667102, 0.5624849259853363, 0.5706644266843796]
cornet_z_cl cropped_face Saved
extracting features... upright
extracting features... inverted
Analyzing pref...
['cornet_z_cl', 'vggface_oneobject', 'au', 0.5495729, 0.5480705976486206, 0.5510916471481323]
cornet_z_cl au Saved
extracting features... upright
extracting features... inverted
Analyzing pref...
['cornet_z_cl', 'vggface_oneobject', 'schematic', 0.51928043, 0.5157382518053055, 0.5223060637712479]
cornet_z_cl schematic Saved
extracting features... upright
extracting features... inverted
Analyzing pref...
['cornet_z_cl', 'vggface_oneobject', 'cropped_face', 0.5071893, 0.5028868466615677, 0.5118730753660202]
cornet_z_cl cropped_face Saved
extracting features... upright
extracting features... inverted
Analyzing pref...
['cornet_z_cl', 'vggface_oneobject', 'au', 0.49875227, 0.4970394685864449, 0.5005038559436799]
cornet_z_cl au Saved
extracting features... upright
extracting features... inverted
Analyzing pref...
['cornet_z_cl', 'vggface_oneobject', 'schematic', 0.51537544, 0.5113522380590438, 0.5185632228851318]
cornet_z_cl schematic Saved
extracting features... upright
extracting features... inverted
Analyzing pref...
['cornet_z_cl', 'vggface_oneobject', 'cropped_face', 0.5107893, 0.5076636165380478, 0.5144728988409042]
cornet_z_cl cropped_face Saved
extracting features... upright
extracting features... inverted
Analyzing pref...
['cornet_z_cl', 'vggface_oneobject', 'au', 0.50394255, 0.5027551829814911, 0.5050798952579498]
cornet_z_cl au Saved
extracting features... upright
extracting features... inverted
Analyzing pref...
['cornet_z_cl', 'vggface_oneobject', 'schematic', 0.503858, 0.5004920691251755, 0.5070052981376648]
cornet_z_cl schematic Saved
loading model... cornet_z_cl vggface
extracting features... upright
extracting features... inverted
Analyzing pref...
['cornet_z_cl', 'vggface', 'cropped_face', 0.5503734, 0.5466876924037933, 0.5543661147356034]
cornet_z_cl cropped_face Saved
extracting features... upright
extracting features... inverted
Analyzing pref...
['cornet_z_cl', 'vggface', 'au', 0.549802, 0.5479637295007705, 0.5514055073261261]
cornet_z_cl au Saved
extracting features... upright
extracting features... inverted
Analyzing pref...
['cornet_z_cl', 'vggface', 'schematic', 0.5148124, 0.5118103981018066, 0.5179858148097992]
cornet_z_cl schematic Saved
extracting features... upright
extracting features... inverted
Analyzing pref...
['cornet_z_cl', 'vggface', 'cropped_face', 0.48617113, 0.48161543160676956, 0.4925571262836456]
cornet_z_cl cropped_face Saved
extracting features... upright
extracting features... inverted
Analyzing pref...
['cornet_z_cl', 'vggface', 'au', 0.5246613, 0.5231158763170243, 0.5261868298053741]
cornet_z_cl au Saved
extracting features... upright
extracting features... inverted
Analyzing pref...
['cornet_z_cl', 'vggface', 'schematic', 0.51246846, 0.5081691741943359, 0.5160112798213958]
cornet_z_cl schematic Saved
extracting features... upright
extracting features... inverted
Analyzing pref...
['cornet_z_cl', 'vggface', 'cropped_face', 0.48582947, 0.48092352896928786, 0.49131155014038086]
cornet_z_cl cropped_face Saved
extracting features... upright
extracting features... inverted
Analyzing pref...
['cornet_z_cl', 'vggface', 'au', 0.51876724, 0.5175275206565857, 0.520116177201271]
cornet_z_cl au Saved
extracting features... upright
extracting features... inverted
Analyzing pref...
['cornet_z_cl', 'vggface', 'schematic', 0.4990729, 0.497716560959816, 0.5003530621528626]
cornet_z_cl schematic Saved
loading model... cornet_z_sl random
extracting features... upright
extracting features... inverted
Analyzing pref...
['cornet_z_sl', 'random', 'cropped_face', 0.5022005, 0.5017097383737564, 0.5025788694620132]
cornet_z_sl cropped_face Saved
extracting features... upright
extracting features... inverted
Analyzing pref...
['cornet_z_sl', 'random', 'au', 0.50760245, 0.5072932004928589, 0.5078870207071304]
cornet_z_sl au Saved
extracting features... upright
extracting features... inverted
Analyzing pref...
['cornet_z_sl', 'random', 'schematic', 0.50109094, 0.5006408900022506, 0.5014332354068756]
cornet_z_sl schematic Saved
extracting features... upright
extracting features... inverted
Analyzing pref...
['cornet_z_sl', 'random', 'cropped_face', 0.5016659, 0.501212266087532, 0.5020887553691864]
cornet_z_sl cropped_face Saved
extracting features... upright
extracting features... inverted
Analyzing pref...
['cornet_z_sl', 'random', 'au', 0.50515556, 0.5048860877752304, 0.5053521364927291]
cornet_z_sl au Saved
extracting features... upright
extracting features... inverted
Analyzing pref...
['cornet_z_sl', 'random', 'schematic', 0.500896, 0.500485771894455, 0.5012618839740753]
cornet_z_sl schematic Saved
extracting features... upright
extracting features... inverted
Analyzing pref...
['cornet_z_sl', 'random', 'cropped_face', 0.5016659, 0.501212266087532, 0.5020887553691864]
cornet_z_sl cropped_face Saved
extracting features... upright
extracting features... inverted
Analyzing pref...
['cornet_z_sl', 'random', 'au', 0.50515556, 0.5048860877752304, 0.5053521364927291]
cornet_z_sl au Saved
extracting features... upright
extracting features... inverted
Analyzing pref...
['cornet_z_sl', 'random', 'schematic', 0.500896, 0.500485771894455, 0.5012618839740753]
cornet_z_sl schematic Saved
loading model... cornet_z_sl imagenet_noface
extracting features... upright
extracting features... inverted
Analyzing pref...
['cornet_z_sl', 'imagenet_noface', 'cropped_face', 0.50751805, 0.5040568679571151, 0.5114755809307099]
cornet_z_sl cropped_face Saved
extracting features... upright
extracting features... inverted
Analyzing pref...
['cornet_z_sl', 'imagenet_noface', 'au', 0.51230747, 0.51101233959198, 0.5135536789894104]
cornet_z_sl au Saved
extracting features... upright
extracting features... inverted
Analyzing pref...
['cornet_z_sl', 'imagenet_noface', 'schematic', 0.49946287, 0.4934538424015045, 0.5040480107069015]
cornet_z_sl schematic Saved
extracting features... upright
extracting features... inverted
Analyzing pref...
['cornet_z_sl', 'imagenet_noface', 'cropped_face', 0.5013019, 0.4970264256000519, 0.5065948963165283]
cornet_z_sl cropped_face Saved
extracting features... upright
extracting features... inverted
Analyzing pref...
['cornet_z_sl', 'imagenet_noface', 'au', 0.5058664, 0.5044558674097062, 0.5072953760623932]
cornet_z_sl au Saved
extracting features... upright
extracting features... inverted
Analyzing pref...
['cornet_z_sl', 'imagenet_noface', 'schematic', 0.5082167, 0.501840078830719, 0.5145158708095551]
cornet_z_sl schematic Saved
extracting features... upright
extracting features... inverted
Analyzing pref...
['cornet_z_sl', 'imagenet_noface', 'cropped_face', 0.5013019, 0.4970264256000519, 0.5065948963165283]
cornet_z_sl cropped_face Saved
extracting features... upright
extracting features... inverted
Analyzing pref...
['cornet_z_sl', 'imagenet_noface', 'au', 0.5058664, 0.5044558674097062, 0.5072953760623932]
cornet_z_sl au Saved
extracting features... upright
extracting features... inverted
Analyzing pref...
['cornet_z_sl', 'imagenet_noface', 'schematic', 0.5082167, 0.501840078830719, 0.5145158708095551]
cornet_z_sl schematic Saved
loading model... cornet_z_sl imagenet_oneface
extracting features... upright
extracting features... inverted
Analyzing pref...
['cornet_z_sl', 'imagenet_oneface', 'cropped_face', 0.52443165, 0.5207383275032044, 0.5275645613670349]
cornet_z_sl cropped_face Saved
extracting features... upright
extracting features... inverted
Analyzing pref...
['cornet_z_sl', 'imagenet_oneface', 'au', 0.52146274, 0.5204812735319138, 0.522654902935028]
cornet_z_sl au Saved
extracting features... upright
extracting features... inverted
Analyzing pref...
['cornet_z_sl', 'imagenet_oneface', 'schematic', 0.4988109, 0.4953349635004997, 0.5028881549835205]
cornet_z_sl schematic Saved
extracting features... upright
extracting features... inverted
Analyzing pref...
['cornet_z_sl', 'imagenet_oneface', 'cropped_face', 0.51734537, 0.5140435546636581, 0.5208278119564056]
cornet_z_sl cropped_face Saved
extracting features... upright
extracting features... inverted
Analyzing pref...
['cornet_z_sl', 'imagenet_oneface', 'au', 0.51570433, 0.5147893369197846, 0.5167927145957947]
cornet_z_sl au Saved
extracting features... upright
extracting features... inverted
Analyzing pref...
['cornet_z_sl', 'imagenet_oneface', 'schematic', 0.51150966, 0.5079078733921051, 0.5157465428113938]
cornet_z_sl schematic Saved
extracting features... upright
extracting features... inverted
Analyzing pref...
['cornet_z_sl', 'imagenet_oneface', 'cropped_face', 0.51734537, 0.5140435546636581, 0.5208278119564056]
cornet_z_sl cropped_face Saved
extracting features... upright
extracting features... inverted
Analyzing pref...
['cornet_z_sl', 'imagenet_oneface', 'au', 0.51570433, 0.5147893369197846, 0.5167927145957947]
cornet_z_sl au Saved
extracting features... upright
extracting features... inverted
Analyzing pref...
['cornet_z_sl', 'imagenet_oneface', 'schematic', 0.51150966, 0.5079078733921051, 0.5157465428113938]
cornet_z_sl schematic Saved
loading model... cornet_z_sl imagenet_vggface
extracting features... upright
extracting features... inverted
Analyzing pref...
['cornet_z_sl', 'imagenet_vggface', 'cropped_face', 0.61200297, 0.6069026112556457, 0.6160237103700638]
cornet_z_sl cropped_face Saved
extracting features... upright
extracting features... inverted
Analyzing pref...
['cornet_z_sl', 'imagenet_vggface', 'au', 0.6208863, 0.6194188386201859, 0.6223072290420533]
cornet_z_sl au Saved
extracting features... upright
extracting features... inverted
Analyzing pref...
['cornet_z_sl', 'imagenet_vggface', 'schematic', 0.54208577, 0.5375029563903808, 0.5475420296192169]
cornet_z_sl schematic Saved
extracting features... upright
extracting features... inverted
Analyzing pref...
['cornet_z_sl', 'imagenet_vggface', 'cropped_face', 0.6800338, 0.6732064932584763, 0.6857588410377502]
cornet_z_sl cropped_face Saved
extracting features... upright
extracting features... inverted
Analyzing pref...
['cornet_z_sl', 'imagenet_vggface', 'au', 0.7030082, 0.7008442372083664, 0.7049550324678421]
cornet_z_sl au Saved
extracting features... upright
extracting features... inverted
Analyzing pref...
['cornet_z_sl', 'imagenet_vggface', 'schematic', 0.52496606, 0.520126411318779, 0.5294269829988479]
cornet_z_sl schematic Saved
extracting features... upright
extracting features... inverted
Analyzing pref...
['cornet_z_sl', 'imagenet_vggface', 'cropped_face', 0.6800338, 0.6732064932584763, 0.6857588410377502]
cornet_z_sl cropped_face Saved
extracting features... upright
extracting features... inverted
Analyzing pref...
['cornet_z_sl', 'imagenet_vggface', 'au', 0.7030082, 0.7008442372083664, 0.7049550324678421]
cornet_z_sl au Saved
extracting features... upright
extracting features... inverted
Analyzing pref...
['cornet_z_sl', 'imagenet_vggface', 'schematic', 0.52496606, 0.520126411318779, 0.5294269829988479]
cornet_z_sl schematic Saved
loading model... cornet_z_sl vggface_oneobject
extracting features... upright
extracting features... inverted
Analyzing pref...
['cornet_z_sl', 'vggface_oneobject', 'cropped_face', 0.67641234, 0.669063949584961, 0.6827527910470963]
cornet_z_sl cropped_face Saved
extracting features... upright
extracting features... inverted
Analyzing pref...
['cornet_z_sl', 'vggface_oneobject', 'au', 0.71671915, 0.7149593681097031, 0.7193229049444199]
cornet_z_sl au Saved
extracting features... upright
extracting features... inverted
Analyzing pref...
['cornet_z_sl', 'vggface_oneobject', 'schematic', 0.53330576, 0.5253170430660248, 0.5400453627109527]
cornet_z_sl schematic Saved
extracting features... upright
extracting features... inverted
Analyzing pref...
['cornet_z_sl', 'vggface_oneobject', 'cropped_face', 0.699518, 0.6893962830305099, 0.7081513822078704]
cornet_z_sl cropped_face Saved
extracting features... upright
extracting features... inverted
Analyzing pref...
['cornet_z_sl', 'vggface_oneobject', 'au', 0.7725491, 0.7699007749557495, 0.7751085609197617]
cornet_z_sl au Saved
extracting features... upright
extracting features... inverted
Analyzing pref...
['cornet_z_sl', 'vggface_oneobject', 'schematic', 0.52358466, 0.5185695499181747, 0.5291317999362946]
cornet_z_sl schematic Saved
extracting features... upright
extracting features... inverted
Analyzing pref...
['cornet_z_sl', 'vggface_oneobject', 'cropped_face', 0.699518, 0.6893962830305099, 0.7081513822078704]
cornet_z_sl cropped_face Saved
extracting features... upright
extracting features... inverted
Analyzing pref...
['cornet_z_sl', 'vggface_oneobject', 'au', 0.7725491, 0.7699007749557495, 0.7751085609197617]
cornet_z_sl au Saved
extracting features... upright
extracting features... inverted
Analyzing pref...
['cornet_z_sl', 'vggface_oneobject', 'schematic', 0.52358466, 0.5185695499181747, 0.5291317999362946]
cornet_z_sl schematic Saved
loading model... cornet_z_sl vggface
extracting features... upright
extracting features... inverted
Analyzing pref...
['cornet_z_sl', 'vggface', 'cropped_face', 0.67350805, 0.6671899169683456, 0.679502272605896]
cornet_z_sl cropped_face Saved
extracting features... upright
extracting features... inverted
Analyzing pref...
['cornet_z_sl', 'vggface', 'au', 0.69882953, 0.6964639455080033, 0.7011902779340744]
cornet_z_sl au Saved
extracting features... upright
extracting features... inverted
Analyzing pref...
['cornet_z_sl', 'vggface', 'schematic', 0.5423523, 0.5349073797464371, 0.5494882553815842]
cornet_z_sl schematic Saved
extracting features... upright
extracting features... inverted
Analyzing pref...
['cornet_z_sl', 'vggface', 'cropped_face', 0.68787706, 0.6765674948692322, 0.696288201212883]
cornet_z_sl cropped_face Saved
extracting features... upright
extracting features... inverted
Analyzing pref...
['cornet_z_sl', 'vggface', 'au', 0.76467085, 0.7617965638637543, 0.767224770784378]
cornet_z_sl au Saved
extracting features... upright
extracting features... inverted
Analyzing pref...
['cornet_z_sl', 'vggface', 'schematic', 0.52030134, 0.5124303162097931, 0.5286589175462723]
cornet_z_sl schematic Saved
extracting features... upright
extracting features... inverted
Analyzing pref...
['cornet_z_sl', 'vggface', 'cropped_face', 0.68787706, 0.6765674948692322, 0.696288201212883]
cornet_z_sl cropped_face Saved
extracting features... upright
extracting features... inverted
Analyzing pref...
['cornet_z_sl', 'vggface', 'au', 0.76467085, 0.7617965638637543, 0.767224770784378]
cornet_z_sl au Saved
extracting features... upright
extracting features... inverted
Analyzing pref...
['cornet_z_sl', 'vggface', 'schematic', 0.52030134, 0.5124303162097931, 0.5286589175462723]
cornet_z_sl schematic Saved
