loaded libraries
data loaded
Starting training
Epoch: 1 	Training Loss: 0.410714 	Validation Loss: 0.354826
Saving model ...
Saving model ...
Starting training
Epoch: 2 	Training Loss: 0.404722 	Validation Loss: 0.512070
Starting training
Epoch: 3 	Training Loss: 0.453998 	Validation Loss: 0.434867
Starting training
Epoch: 4 	Training Loss: 0.424800 	Validation Loss: 0.422477
Starting training
Epoch: 5 	Training Loss: 0.411473 	Validation Loss: 0.411625
Saving model ...
Saving model ...
Starting training
Epoch: 6 	Training Loss: 0.406174 	Validation Loss: 0.411131
Starting training
Epoch: 7 	Training Loss: 0.400764 	Validation Loss: 0.398536
Starting training
Epoch: 8 	Training Loss: 0.389737 	Validation Loss: 0.391917
Starting training
Epoch: 9 	Training Loss: 0.382757 	Validation Loss: 0.383508
Starting training
Epoch: 10 	Training Loss: 0.377249 	Validation Loss: 0.382399
Saving model ...
Saving model ...
Starting training
Epoch: 11 	Training Loss: 0.344650 	Validation Loss: 0.345925
Starting training
Epoch: 12 	Training Loss: 0.335965 	Validation Loss: 0.340959
Starting training
Epoch: 13 	Training Loss: 0.332575 	Validation Loss: 0.338668
Starting training
Epoch: 14 	Training Loss: 0.330791 	Validation Loss: 0.336094
Starting training
Epoch: 15 	Training Loss: 0.329887 	Validation Loss: 0.336824
Saving model ...
Saving model ...
Starting training
Epoch: 16 	Training Loss: 0.329084 	Validation Loss: 0.336468
Starting training
Epoch: 17 	Training Loss: 0.328760 	Validation Loss: 0.335467
Starting training
Epoch: 18 	Training Loss: 0.328683 	Validation Loss: 0.335275
Starting training
Epoch: 19 	Training Loss: 0.327746 	Validation Loss: 0.334077
Starting training
Epoch: 20 	Training Loss: 0.326763 	Validation Loss: 0.332503
Saving model ...
Saving model ...
Starting training
Epoch: 21 	Training Loss: 0.318185 	Validation Loss: 0.324448
Starting training
Epoch: 22 	Training Loss: 0.317064 	Validation Loss: 0.323207
Starting training
Epoch: 23 	Training Loss: 0.314435 	Validation Loss: 0.320093
Starting training
Epoch: 24 	Training Loss: 0.311874 	Validation Loss: 0.317201
Starting training
Epoch: 25 	Training Loss: 0.309502 	Validation Loss: 0.314706
Saving model ...
Saving model ...
Starting training
Epoch: 26 	Training Loss: 0.307100 	Validation Loss: 0.313474
Starting training
Epoch: 27 	Training Loss: 0.305274 	Validation Loss: 0.310924
Starting training
Epoch: 28 	Training Loss: 0.303539 	Validation Loss: 0.308666
Starting training
Epoch: 29 	Training Loss: 0.301945 	Validation Loss: 0.308291
Starting training
Epoch: 30 	Training Loss: 0.300944 	Validation Loss: 0.307357
Saving model ...
Saving model ...
