images transferred
libs loaded
read some args
cornet_z_sl_vggface
model created..
data loaded
starting training...
Epoch: 1 	Training Loss: 6.205618 	Validation Loss: 6.019502 Test Accuracy: 0.013
Epoch: 2 	Training Loss: 5.385655 	Validation Loss: 4.852032 Test Accuracy: 0.089
Epoch: 3 	Training Loss: 4.125348 	Validation Loss: 3.490437 Test Accuracy: 0.285
Epoch: 4 	Training Loss: 3.109802 	Validation Loss: 2.751524 Test Accuracy: 0.417
Epoch: 5 	Training Loss: 2.507848 	Validation Loss: 2.331818 Test Accuracy: 0.497
Epoch: 6 	Training Loss: 2.142272 	Validation Loss: 2.194198 Test Accuracy: 0.527
Epoch: 7 	Training Loss: 1.902601 	Validation Loss: 1.869180 Test Accuracy: 0.594
Epoch: 8 	Training Loss: 1.715167 	Validation Loss: 1.780927 Test Accuracy: 0.610
Epoch: 9 	Training Loss: 1.588189 	Validation Loss: 1.682273 Test Accuracy: 0.631
Epoch: 10 	Training Loss: 1.478391 	Validation Loss: 1.599687 Test Accuracy: 0.653
Epoch: 11 	Training Loss: 1.109426 	Validation Loss: 1.279641 Test Accuracy: 0.719
Epoch: 12 	Training Loss: 1.045804 	Validation Loss: 1.248077 Test Accuracy: 0.726
Epoch: 13 	Training Loss: 1.013251 	Validation Loss: 1.216731 Test Accuracy: 0.732
Epoch: 14 	Training Loss: 0.990779 	Validation Loss: 1.208618 Test Accuracy: 0.735
Epoch: 15 	Training Loss: 0.972409 	Validation Loss: 1.168210 Test Accuracy: 0.743
Epoch: 16 	Training Loss: 0.960860 	Validation Loss: 1.176445 Test Accuracy: 0.744
Epoch: 17 	Training Loss: 0.937043 	Validation Loss: 1.176827 Test Accuracy: 0.744
Epoch: 18 	Training Loss: 0.926704 	Validation Loss: 1.168723 Test Accuracy: 0.745
Epoch: 19 	Training Loss: 0.912949 	Validation Loss: 1.154120 Test Accuracy: 0.748
Epoch: 20 	Training Loss: 0.904160 	Validation Loss: 1.120713 Test Accuracy: 0.753
Epoch: 21 	Training Loss: 0.864164 	Validation Loss: 1.098055 Test Accuracy: 0.761
Epoch: 22 	Training Loss: 0.856069 	Validation Loss: 1.087409 Test Accuracy: 0.759
Epoch: 23 	Training Loss: 0.857287 	Validation Loss: 1.090982 Test Accuracy: 0.758
Epoch: 24 	Training Loss: 0.855019 	Validation Loss: 1.105679 Test Accuracy: 0.757
Epoch: 25 	Training Loss: 0.854479 	Validation Loss: 1.096860 Test Accuracy: 0.762
Epoch: 26 	Training Loss: 0.846880 	Validation Loss: 1.109709 Test Accuracy: 0.757
Epoch: 27 	Training Loss: 0.854540 	Validation Loss: 1.106120 Test Accuracy: 0.757
Epoch: 28 	Training Loss: 0.846413 	Validation Loss: 1.093728 Test Accuracy: 0.763
Epoch: 29 	Training Loss: 0.843727 	Validation Loss: 1.114202 Test Accuracy: 0.754
Epoch: 30 	Training Loss: 0.840961 	Validation Loss: 1.108732 Test Accuracy: 0.757
