images transferred
libs loaded
read some args
cornet_z_sl_imagenet_noface
model created..
=> loading checkpoint '/lab_data/behrmannlab/vlad/ginn/model_weights/cornet_z_sl_imagenet_noface_10_1.pth.tar'
=> loaded checkpoint '/lab_data/behrmannlab/vlad/ginn/model_weights/cornet_z_sl_imagenet_noface_10_1.pth.tar' (epoch 11)
data loaded
starting training...
Epoch: 11 	Training Loss: 2.319078 	Validation Loss: 2.751492 Test Accuracy: 0.428
Epoch: 12 	Training Loss: 2.234548 	Validation Loss: 2.720221 Test Accuracy: 0.440
Epoch: 13 	Training Loss: 2.191916 	Validation Loss: 2.700977 Test Accuracy: 0.437
Epoch: 14 	Training Loss: 2.151602 	Validation Loss: 2.697721 Test Accuracy: 0.437
Epoch: 15 	Training Loss: 2.108953 	Validation Loss: 2.655432 Test Accuracy: 0.444
Epoch: 16 	Training Loss: 2.069304 	Validation Loss: 2.655014 Test Accuracy: 0.446
Epoch: 17 	Training Loss: 2.025757 	Validation Loss: 2.669673 Test Accuracy: 0.444
Epoch: 18 	Training Loss: 1.983546 	Validation Loss: 2.652964 Test Accuracy: 0.452
Epoch: 19 	Training Loss: 1.925738 	Validation Loss: 2.677700 Test Accuracy: 0.447
Epoch: 20 	Training Loss: 1.849695 	Validation Loss: 2.722127 Test Accuracy: 0.441
Epoch: 21 	Training Loss: 2.027040 	Validation Loss: 2.641726 Test Accuracy: 0.452
Epoch: 22 	Training Loss: 2.012577 	Validation Loss: 2.624225 Test Accuracy: 0.454
Epoch: 23 	Training Loss: 2.007663 	Validation Loss: 2.619740 Test Accuracy: 0.456
Epoch: 24 	Training Loss: 1.999727 	Validation Loss: 2.616198 Test Accuracy: 0.455
Epoch: 25 	Training Loss: 1.999629 	Validation Loss: 2.617605 Test Accuracy: 0.455
Epoch: 26 	Training Loss: 2.000182 	Validation Loss: 2.616972 Test Accuracy: 0.454
Epoch: 27 	Training Loss: 1.992657 	Validation Loss: 2.614775 Test Accuracy: 0.457
Epoch: 28 	Training Loss: 1.993063 	Validation Loss: 2.629139 Test Accuracy: 0.455
Epoch: 29 	Training Loss: 1.983887 	Validation Loss: 2.587240 Test Accuracy: 0.458
Epoch: 30 	Training Loss: 1.986184 	Validation Loss: 2.607019 Test Accuracy: 0.453
