images transferred
everything loaded
cornet_z_/scratch/vayzenbe/imagenet_noface
runs created?
=> creating model 'cornet_z'
cornet_z
normalization constant Z is set to 1305338.1
Epoch: [0][0/2300]	Time 18.399 (18.399)	Data 5.794 (5.794)	Loss 10.0668 (10.0668)	
Epoch: [0][10/2300]	Time 1.125 (2.692)	Data 0.000 (0.527)	Loss 11.3667 (10.6995)	
Epoch: [0][20/2300]	Time 1.121 (1.943)	Data 0.000 (0.276)	Loss 11.6328 (11.1705)	
Epoch: [0][30/2300]	Time 1.124 (1.710)	Data 0.000 (0.218)	Loss 13.2805 (11.6754)	
Epoch: [0][40/2300]	Time 1.121 (1.604)	Data 0.000 (0.203)	Loss 14.1070 (12.1906)	
Epoch: [0][50/2300]	Time 1.122 (1.515)	Data 0.000 (0.170)	Loss 13.8932 (12.5841)	
Epoch: [0][60/2300]	Time 1.155 (1.459)	Data 0.000 (0.150)	Loss 14.4044 (12.8169)	
Epoch: [0][70/2300]	Time 1.122 (1.432)	Data 0.000 (0.150)	Loss 14.2266 (13.0429)	
Epoch: [0][80/2300]	Time 1.128 (1.410)	Data 0.000 (0.147)	Loss 14.1617 (13.1663)	
Epoch: [0][90/2300]	Time 1.118 (1.395)	Data 0.000 (0.148)	Loss 13.8035 (13.2374)	
Epoch: [0][100/2300]	Time 1.124 (1.382)	Data 0.000 (0.148)	Loss 13.8001 (13.2874)	
Epoch: [0][110/2300]	Time 1.121 (1.382)	Data 0.000 (0.157)	Loss 13.0172 (13.2853)	
Epoch: [0][120/2300]	Time 1.120 (1.374)	Data 0.004 (0.158)	Loss 12.3612 (13.2214)	
Epoch: [0][130/2300]	Time 1.124 (1.369)	Data 0.000 (0.161)	Loss 12.2758 (13.1896)	
Epoch: [0][140/2300]	Time 1.565 (1.368)	Data 0.000 (0.162)	Loss 13.2914 (13.1598)	
Epoch: [0][150/2300]	Time 1.121 (1.365)	Data 0.000 (0.165)	Loss 13.9360 (13.1988)	
Epoch: [0][160/2300]	Time 1.121 (1.360)	Data 0.000 (0.165)	Loss 13.7362 (13.2430)	
Epoch: [0][170/2300]	Time 1.120 (1.360)	Data 0.000 (0.169)	Loss 13.7607 (13.2749)	
Epoch: [0][180/2300]	Time 1.117 (1.347)	Data 0.000 (0.160)	Loss 14.2283 (13.2985)	
Epoch: [0][190/2300]	Time 1.120 (1.347)	Data 0.000 (0.164)	Loss 13.5470 (13.3265)	
Epoch: [0][200/2300]	Time 1.118 (1.339)	Data 0.000 (0.158)	Loss 14.1906 (13.3679)	
Epoch: [0][210/2300]	Time 1.126 (1.336)	Data 0.000 (0.159)	Loss 14.9463 (13.4469)	
Epoch: [0][220/2300]	Time 1.117 (1.333)	Data 0.000 (0.157)	Loss 14.1756 (13.5045)	
Epoch: [0][230/2300]	Time 1.120 (1.331)	Data 0.000 (0.158)	Loss 14.6986 (13.5404)	
Epoch: [0][240/2300]	Time 1.120 (1.325)	Data 0.000 (0.155)	Loss 15.3681 (13.6020)	
Epoch: [0][250/2300]	Time 1.120 (1.318)	Data 0.000 (0.149)	Loss 15.8019 (13.6770)	
Epoch: [0][260/2300]	Time 1.124 (1.318)	Data 0.000 (0.151)	Loss 15.9869 (13.7689)	
Epoch: [0][270/2300]	Time 1.123 (1.322)	Data 0.000 (0.156)	Loss 15.1278 (13.8356)	
Epoch: [0][280/2300]	Time 1.117 (1.320)	Data 0.000 (0.156)	Loss 14.6742 (13.8713)	
Epoch: [0][290/2300]	Time 1.122 (1.323)	Data 0.000 (0.160)	Loss 16.1079 (13.9285)	
Epoch: [0][300/2300]	Time 1.119 (1.319)	Data 0.000 (0.158)	Loss 16.4895 (14.0120)	
Epoch: [0][310/2300]	Time 1.122 (1.320)	Data 0.000 (0.160)	Loss 15.4489 (14.0753)	
Epoch: [0][320/2300]	Time 1.120 (1.315)	Data 0.000 (0.156)	Loss 15.7091 (14.1297)	
Epoch: [0][330/2300]	Time 1.120 (1.309)	Data 0.000 (0.152)	Loss 15.1082 (14.1738)	
Epoch: [0][340/2300]	Time 1.119 (1.306)	Data 0.000 (0.150)	Loss 15.6926 (14.2055)	
Epoch: [0][350/2300]	Time 1.204 (1.304)	Data 0.086 (0.149)	Loss 16.2276 (14.2567)	
Epoch: [0][360/2300]	Time 1.118 (1.303)	Data 0.000 (0.149)	Loss 15.5351 (14.2979)	
Epoch: [0][370/2300]	Time 1.471 (1.303)	Data 0.355 (0.150)	Loss 14.7344 (14.3240)	
Epoch: [0][380/2300]	Time 1.506 (1.303)	Data 0.386 (0.151)	Loss 14.1632 (14.3264)	
Epoch: [0][390/2300]	Time 2.457 (1.307)	Data 1.339 (0.156)	Loss 15.2826 (14.3337)	
Epoch: [0][400/2300]	Time 1.123 (1.306)	Data 0.001 (0.155)	Loss 15.8809 (14.3668)	
Epoch: [0][410/2300]	Time 1.117 (1.304)	Data 0.000 (0.154)	Loss 15.6665 (14.3932)	
Epoch: [0][420/2300]	Time 1.283 (1.301)	Data 0.167 (0.151)	Loss 14.6393 (14.4184)	
Epoch: [0][430/2300]	Time 1.503 (1.298)	Data 0.385 (0.149)	Loss 13.9055 (14.4214)	
Epoch: [0][440/2300]	Time 1.121 (1.299)	Data 0.000 (0.150)	Loss 13.7998 (14.4139)	
Epoch: [0][450/2300]	Time 1.122 (1.296)	Data 0.000 (0.149)	Loss 14.5257 (14.4280)	
Epoch: [0][460/2300]	Time 1.784 (1.296)	Data 0.665 (0.149)	Loss 16.0063 (14.4458)	
Epoch: [0][470/2300]	Time 1.119 (1.293)	Data 0.000 (0.146)	Loss 15.8010 (14.4740)	
Epoch: [0][480/2300]	Time 1.116 (1.291)	Data 0.000 (0.145)	Loss 16.5283 (14.5082)	
Epoch: [0][490/2300]	Time 1.119 (1.291)	Data 0.000 (0.146)	Loss 18.0860 (14.5606)	
Epoch: [0][500/2300]	Time 1.116 (1.288)	Data 0.000 (0.143)	Loss 16.0757 (14.6080)	
Epoch: [0][510/2300]	Time 1.123 (1.285)	Data 0.000 (0.141)	Loss 15.4046 (14.6323)	
Epoch: [0][520/2300]	Time 1.118 (1.283)	Data 0.000 (0.138)	Loss 14.1478 (14.6421)	
Epoch: [0][530/2300]	Time 1.617 (1.283)	Data 0.498 (0.139)	Loss 13.5331 (14.6217)	
Epoch: [0][540/2300]	Time 1.122 (1.282)	Data 0.000 (0.139)	Loss 15.4879 (14.6224)	
Epoch: [0][550/2300]	Time 1.121 (1.281)	Data 0.000 (0.138)	Loss 14.5308 (14.6265)	
Epoch: [0][560/2300]	Time 1.121 (1.282)	Data 0.000 (0.139)	Loss 14.4312 (14.6343)	
Epoch: [0][570/2300]	Time 1.113 (1.284)	Data 0.000 (0.141)	Loss 14.3789 (14.6329)	
Epoch: [0][580/2300]	Time 1.124 (1.284)	Data 0.000 (0.142)	Loss 14.5114 (14.6315)	
Epoch: [0][590/2300]	Time 1.124 (1.283)	Data 0.000 (0.141)	Loss 14.7035 (14.6302)	
Epoch: [0][600/2300]	Time 1.119 (1.283)	Data 0.000 (0.142)	Loss 15.5034 (14.6400)	
Epoch: [0][610/2300]	Time 1.120 (1.282)	Data 0.000 (0.141)	Loss 15.2903 (14.6534)	
Epoch: [0][620/2300]	Time 1.123 (1.282)	Data 0.000 (0.141)	Loss 15.1782 (14.6629)	
Epoch: [0][630/2300]	Time 1.118 (1.287)	Data 0.000 (0.147)	Loss 14.8685 (14.6693)	
Epoch: [0][640/2300]	Time 1.120 (1.286)	Data 0.000 (0.146)	Loss 14.8544 (14.6715)	
Epoch: [0][650/2300]	Time 1.122 (1.283)	Data 0.000 (0.144)	Loss 15.6595 (14.6804)	
Epoch: [0][660/2300]	Time 1.113 (1.282)	Data 0.000 (0.142)	Loss 15.5104 (14.6934)	
Epoch: [0][670/2300]	Time 1.116 (1.282)	Data 0.000 (0.143)	Loss 15.8385 (14.7061)	
Epoch: [0][680/2300]	Time 1.120 (1.283)	Data 0.000 (0.144)	Loss 15.8975 (14.7248)	
Epoch: [0][690/2300]	Time 1.444 (1.282)	Data 0.328 (0.143)	Loss 16.0867 (14.7437)	
Epoch: [0][700/2300]	Time 1.119 (1.280)	Data 0.000 (0.142)	Loss 14.9386 (14.7560)	
Epoch: [0][710/2300]	Time 1.120 (1.281)	Data 0.000 (0.143)	Loss 14.3242 (14.7525)	
Epoch: [0][720/2300]	Time 1.122 (1.281)	Data 0.000 (0.143)	Loss 14.2942 (14.7459)	
Epoch: [0][730/2300]	Time 1.123 (1.282)	Data 0.000 (0.145)	Loss 14.0758 (14.7342)	
Epoch: [0][740/2300]	Time 1.122 (1.280)	Data 0.000 (0.143)	Loss 14.0077 (14.7263)	
Epoch: [0][750/2300]	Time 1.116 (1.278)	Data 0.000 (0.141)	Loss 14.6236 (14.7197)	
Epoch: [0][760/2300]	Time 1.125 (1.277)	Data 0.000 (0.140)	Loss 15.7218 (14.7202)	
Epoch: [0][770/2300]	Time 1.118 (1.277)	Data 0.000 (0.140)	Loss 15.8832 (14.7357)	
Epoch: [0][780/2300]	Time 1.711 (1.276)	Data 0.559 (0.140)	Loss 14.4839 (14.7418)	
Epoch: [0][790/2300]	Time 1.120 (1.277)	Data 0.000 (0.140)	Loss 13.6319 (14.7308)	
Epoch: [0][800/2300]	Time 1.803 (1.276)	Data 0.679 (0.140)	Loss 14.3717 (14.7264)	
Epoch: [0][810/2300]	Time 1.120 (1.275)	Data 0.000 (0.139)	Loss 14.5933 (14.7229)	
Epoch: [0][820/2300]	Time 1.120 (1.276)	Data 0.000 (0.140)	Loss 14.0604 (14.7194)	
Epoch: [0][830/2300]	Time 1.121 (1.278)	Data 0.000 (0.142)	Loss 14.3722 (14.7079)	
Epoch: [0][840/2300]	Time 1.118 (1.278)	Data 0.000 (0.142)	Loss 14.9791 (14.7083)	
Epoch: [0][850/2300]	Time 1.122 (1.279)	Data 0.000 (0.144)	Loss 14.5259 (14.7104)	
Epoch: [0][860/2300]	Time 1.119 (1.279)	Data 0.000 (0.144)	Loss 13.4933 (14.7024)	
Epoch: [0][870/2300]	Time 1.122 (1.280)	Data 0.000 (0.145)	Loss 13.5603 (14.6911)	
Epoch: [0][880/2300]	Time 1.156 (1.280)	Data 0.000 (0.145)	Loss 14.8673 (14.6840)	
Epoch: [0][890/2300]	Time 1.118 (1.279)	Data 0.000 (0.144)	Loss 15.1760 (14.6824)	
Epoch: [0][900/2300]	Time 1.116 (1.277)	Data 0.000 (0.143)	Loss 15.3156 (14.6899)	
Epoch: [0][910/2300]	Time 1.118 (1.277)	Data 0.000 (0.143)	Loss 15.4974 (14.6959)	
Epoch: [0][920/2300]	Time 1.780 (1.279)	Data 0.663 (0.145)	Loss 16.0990 (14.7081)	
Epoch: [0][930/2300]	Time 1.145 (1.280)	Data 0.000 (0.146)	Loss 15.9208 (14.7226)	
Epoch: [0][940/2300]	Time 1.117 (1.278)	Data 0.000 (0.144)	Loss 14.6759 (14.7268)	
Epoch: [0][950/2300]	Time 1.121 (1.276)	Data 0.000 (0.143)	Loss 14.8186 (14.7251)	
Epoch: [0][960/2300]	Time 1.119 (1.276)	Data 0.000 (0.142)	Loss 14.6739 (14.7251)	
Epoch: [0][970/2300]	Time 1.124 (1.275)	Data 0.000 (0.142)	Loss 14.4954 (14.7236)	
Epoch: [0][980/2300]	Time 1.120 (1.276)	Data 0.000 (0.142)	Loss 16.1137 (14.7327)	
Epoch: [0][990/2300]	Time 1.117 (1.274)	Data 0.000 (0.141)	Loss 15.4279 (14.7444)	
Epoch: [0][1000/2300]	Time 1.115 (1.273)	Data 0.000 (0.139)	Loss 14.5426 (14.7472)	
Epoch: [0][1010/2300]	Time 1.117 (1.273)	Data 0.000 (0.140)	Loss 14.4110 (14.7500)	
Epoch: [0][1020/2300]	Time 1.702 (1.273)	Data 0.584 (0.139)	Loss 16.7319 (14.7604)	
Epoch: [0][1030/2300]	Time 1.118 (1.272)	Data 0.000 (0.139)	Loss 16.5034 (14.7781)	
Epoch: [0][1040/2300]	Time 1.120 (1.273)	Data 0.000 (0.140)	Loss 17.0032 (14.7972)	
Epoch: [0][1050/2300]	Time 1.120 (1.273)	Data 0.000 (0.140)	Loss 16.6863 (14.8161)	
Epoch: [0][1060/2300]	Time 1.129 (1.272)	Data 0.000 (0.139)	Loss 16.2423 (14.8290)	
Epoch: [0][1070/2300]	Time 1.782 (1.271)	Data 0.661 (0.138)	Loss 15.8925 (14.8408)	
Epoch: [0][1080/2300]	Time 1.120 (1.270)	Data 0.000 (0.138)	Loss 15.6895 (14.8467)	
Epoch: [0][1090/2300]	Time 1.946 (1.270)	Data 0.830 (0.138)	Loss 14.2439 (14.8447)	
Epoch: [0][1100/2300]	Time 1.123 (1.270)	Data 0.000 (0.138)	Loss 15.9214 (14.8480)	
Epoch: [0][1110/2300]	Time 1.119 (1.271)	Data 0.000 (0.138)	Loss 15.1275 (14.8546)	
Epoch: [0][1120/2300]	Time 1.123 (1.270)	Data 0.000 (0.138)	Loss 15.1589 (14.8582)	
Epoch: [0][1130/2300]	Time 1.242 (1.270)	Data 0.070 (0.138)	Loss 15.4197 (14.8616)	
Epoch: [0][1140/2300]	Time 1.122 (1.270)	Data 0.000 (0.139)	Loss 14.7977 (14.8621)	
Epoch: [0][1150/2300]	Time 1.127 (1.271)	Data 0.000 (0.139)	Loss 14.5533 (14.8578)	
Epoch: [0][1160/2300]	Time 1.129 (1.271)	Data 0.000 (0.139)	Loss 16.2972 (14.8650)	
Epoch: [0][1170/2300]	Time 1.121 (1.271)	Data 0.000 (0.139)	Loss 15.1468 (14.8716)	
Epoch: [0][1180/2300]	Time 1.117 (1.270)	Data 0.000 (0.139)	Loss 14.5782 (14.8721)	
Epoch: [0][1190/2300]	Time 1.125 (1.270)	Data 0.000 (0.139)	Loss 14.6433 (14.8708)	
Epoch: [0][1200/2300]	Time 1.123 (1.270)	Data 0.000 (0.139)	Loss 14.7291 (14.8671)	
Epoch: [0][1210/2300]	Time 1.120 (1.269)	Data 0.000 (0.138)	Loss 15.0058 (14.8681)	
Epoch: [0][1220/2300]	Time 1.118 (1.269)	Data 0.000 (0.138)	Loss 14.8671 (14.8696)	
Epoch: [0][1230/2300]	Time 1.122 (1.270)	Data 0.000 (0.138)	Loss 14.4692 (14.8672)	
Epoch: [0][1240/2300]	Time 1.120 (1.271)	Data 0.000 (0.140)	Loss 14.2074 (14.8616)	
Epoch: [0][1250/2300]	Time 1.122 (1.269)	Data 0.000 (0.138)	Loss 15.0188 (14.8619)	
Epoch: [0][1260/2300]	Time 1.119 (1.268)	Data 0.000 (0.137)	Loss 14.0198 (14.8592)	
Epoch: [0][1270/2300]	Time 1.117 (1.269)	Data 0.000 (0.138)	Loss 14.2602 (14.8517)	
Epoch: [0][1280/2300]	Time 1.119 (1.269)	Data 0.000 (0.138)	Loss 14.6526 (14.8520)	
Epoch: [0][1290/2300]	Time 1.232 (1.269)	Data 0.117 (0.138)	Loss 14.7119 (14.8483)	
Epoch: [0][1300/2300]	Time 1.123 (1.269)	Data 0.000 (0.138)	Loss 15.9369 (14.8518)	
Epoch: [0][1310/2300]	Time 1.120 (1.267)	Data 0.000 (0.137)	Loss 15.0805 (14.8598)	
Epoch: [0][1320/2300]	Time 1.795 (1.268)	Data 0.676 (0.137)	Loss 14.3988 (14.8552)	
Epoch: [0][1330/2300]	Time 1.118 (1.267)	Data 0.000 (0.136)	Loss 15.1856 (14.8576)	
Epoch: [0][1340/2300]	Time 1.116 (1.268)	Data 0.000 (0.138)	Loss 15.3862 (14.8629)	
Epoch: [0][1350/2300]	Time 1.121 (1.268)	Data 0.000 (0.138)	Loss 15.0454 (14.8663)	
Epoch: [0][1360/2300]	Time 1.122 (1.269)	Data 0.000 (0.139)	Loss 15.1130 (14.8678)	
Epoch: [0][1370/2300]	Time 1.118 (1.268)	Data 0.000 (0.138)	Loss 15.1644 (14.8697)	
Epoch: [0][1380/2300]	Time 1.128 (1.269)	Data 0.000 (0.139)	Loss 15.1473 (14.8713)	
Epoch: [0][1390/2300]	Time 1.121 (1.269)	Data 0.000 (0.139)	Loss 14.6608 (14.8715)	
Epoch: [0][1400/2300]	Time 1.118 (1.268)	Data 0.000 (0.138)	Loss 14.3085 (14.8678)	
Epoch: [0][1410/2300]	Time 1.123 (1.269)	Data 0.000 (0.139)	Loss 14.6055 (14.8636)	
Epoch: [0][1420/2300]	Time 1.121 (1.268)	Data 0.000 (0.138)	Loss 13.7471 (14.8585)	
Epoch: [0][1430/2300]	Time 1.119 (1.269)	Data 0.000 (0.139)	Loss 15.2240 (14.8556)	
Epoch: [0][1440/2300]	Time 1.124 (1.269)	Data 0.000 (0.139)	Loss 15.4994 (14.8613)	
Epoch: [0][1450/2300]	Time 1.121 (1.269)	Data 0.000 (0.140)	Loss 14.6711 (14.8600)	
Epoch: [0][1460/2300]	Time 1.122 (1.268)	Data 0.000 (0.139)	Loss 14.9671 (14.8572)	
Epoch: [0][1470/2300]	Time 1.124 (1.269)	Data 0.000 (0.140)	Loss 16.3818 (14.8641)	
Epoch: [0][1480/2300]	Time 1.117 (1.269)	Data 0.000 (0.139)	Loss 15.1167 (14.8670)	
Epoch: [0][1490/2300]	Time 1.115 (1.268)	Data 0.000 (0.139)	Loss 14.8998 (14.8683)	
Epoch: [0][1500/2300]	Time 1.122 (1.269)	Data 0.000 (0.139)	Loss 14.8062 (14.8684)	
Epoch: [0][1510/2300]	Time 1.118 (1.269)	Data 0.000 (0.139)	Loss 14.2896 (14.8656)	
Epoch: [0][1520/2300]	Time 1.119 (1.268)	Data 0.000 (0.139)	Loss 14.7166 (14.8633)	
Epoch: [0][1530/2300]	Time 1.176 (1.269)	Data 0.000 (0.139)	Loss 14.9206 (14.8631)	
Epoch: [0][1540/2300]	Time 2.070 (1.269)	Data 0.956 (0.140)	Loss 14.7943 (14.8627)	
Epoch: [0][1550/2300]	Time 1.119 (1.269)	Data 0.000 (0.140)	Loss 15.2214 (14.8628)	
Epoch: [0][1560/2300]	Time 1.542 (1.269)	Data 0.420 (0.140)	Loss 15.6034 (14.8665)	
Epoch: [0][1570/2300]	Time 1.122 (1.270)	Data 0.000 (0.140)	Loss 15.7085 (14.8728)	
Epoch: [0][1580/2300]	Time 1.853 (1.270)	Data 0.732 (0.141)	Loss 14.6402 (14.8743)	
Epoch: [0][1590/2300]	Time 1.120 (1.271)	Data 0.000 (0.142)	Loss 14.7818 (14.8722)	
Epoch: [0][1600/2300]	Time 1.119 (1.270)	Data 0.000 (0.141)	Loss 14.6701 (14.8717)	
Epoch: [0][1610/2300]	Time 1.121 (1.270)	Data 0.000 (0.142)	Loss 14.7087 (14.8712)	
Epoch: [0][1620/2300]	Time 1.948 (1.271)	Data 0.829 (0.142)	Loss 14.8074 (14.8722)	
Epoch: [0][1630/2300]	Time 1.123 (1.271)	Data 0.000 (0.142)	Loss 14.6613 (14.8719)	
Epoch: [0][1640/2300]	Time 1.402 (1.270)	Data 0.285 (0.141)	Loss 16.4192 (14.8772)	
Epoch: [0][1650/2300]	Time 1.124 (1.270)	Data 0.000 (0.142)	Loss 15.3456 (14.8838)	
Epoch: [0][1660/2300]	Time 2.080 (1.271)	Data 0.958 (0.142)	Loss 15.6930 (14.8851)	
Epoch: [0][1670/2300]	Time 1.122 (1.272)	Data 0.000 (0.143)	Loss 17.4976 (14.8978)	
Epoch: [0][1680/2300]	Time 1.119 (1.271)	Data 0.000 (0.142)	Loss 14.9078 (14.9045)	
Epoch: [0][1690/2300]	Time 1.121 (1.270)	Data 0.000 (0.141)	Loss 14.3987 (14.9013)	
Epoch: [0][1700/2300]	Time 1.116 (1.270)	Data 0.000 (0.142)	Loss 15.8015 (14.9038)	
Epoch: [0][1710/2300]	Time 1.129 (1.271)	Data 0.001 (0.142)	Loss 15.8172 (14.9091)	
Epoch: [0][1720/2300]	Time 1.117 (1.270)	Data 0.000 (0.141)	Loss 14.9971 (14.9122)	
Epoch: [0][1730/2300]	Time 1.113 (1.270)	Data 0.000 (0.142)	Loss 15.0473 (14.9121)	
Epoch: [0][1740/2300]	Time 1.120 (1.270)	Data 0.000 (0.142)	Loss 15.1959 (14.9132)	
Epoch: [0][1750/2300]	Time 1.119 (1.271)	Data 0.000 (0.143)	Loss 16.1399 (14.9168)	
Epoch: [0][1760/2300]	Time 1.121 (1.271)	Data 0.000 (0.143)	Loss 16.3289 (14.9237)	
Epoch: [0][1770/2300]	Time 1.114 (1.270)	Data 0.000 (0.142)	Loss 15.3015 (14.9284)	
Epoch: [0][1780/2300]	Time 1.115 (1.270)	Data 0.000 (0.141)	Loss 14.5540 (14.9274)	
Epoch: [0][1790/2300]	Time 1.353 (1.269)	Data 0.235 (0.141)	Loss 15.3709 (14.9275)	
Epoch: [0][1800/2300]	Time 2.431 (1.270)	Data 1.309 (0.142)	Loss 14.7936 (14.9288)	
Epoch: [0][1810/2300]	Time 1.117 (1.270)	Data 0.000 (0.142)	Loss 14.9201 (14.9270)	
Epoch: [0][1820/2300]	Time 2.195 (1.271)	Data 1.072 (0.143)	Loss 15.5353 (14.9269)	
Epoch: [0][1830/2300]	Time 1.115 (1.271)	Data 0.000 (0.143)	Loss 15.7304 (14.9313)	
Epoch: [0][1840/2300]	Time 1.118 (1.270)	Data 0.000 (0.142)	Loss 14.5705 (14.9316)	
Epoch: [0][1850/2300]	Time 1.122 (1.270)	Data 0.000 (0.142)	Loss 14.7944 (14.9305)	
Epoch: [0][1860/2300]	Time 1.141 (1.269)	Data 0.000 (0.142)	Loss 14.6303 (14.9291)	
Epoch: [0][1870/2300]	Time 1.682 (1.270)	Data 0.562 (0.142)	Loss 14.7531 (14.9267)	
Epoch: [0][1880/2300]	Time 1.120 (1.270)	Data 0.000 (0.142)	Loss 14.8400 (14.9265)	
Epoch: [0][1890/2300]	Time 1.784 (1.269)	Data 0.663 (0.141)	Loss 14.6160 (14.9259)	
Epoch: [0][1900/2300]	Time 1.128 (1.269)	Data 0.000 (0.141)	Loss 15.1873 (14.9272)	
Epoch: [0][1910/2300]	Time 2.154 (1.268)	Data 1.035 (0.141)	Loss 14.4210 (14.9260)	
Epoch: [0][1920/2300]	Time 1.202 (1.268)	Data 0.087 (0.140)	Loss 14.3601 (14.9232)	
Epoch: [0][1930/2300]	Time 1.120 (1.268)	Data 0.000 (0.140)	Loss 14.3208 (14.9213)	
Epoch: [0][1940/2300]	Time 1.123 (1.267)	Data 0.000 (0.140)	Loss 14.5215 (14.9186)	
Epoch: [0][1950/2300]	Time 1.137 (1.267)	Data 0.000 (0.140)	Loss 15.2653 (14.9178)	
Epoch: [0][1960/2300]	Time 1.301 (1.267)	Data 0.185 (0.140)	Loss 15.1323 (14.9181)	
Epoch: [0][1970/2300]	Time 1.119 (1.267)	Data 0.000 (0.139)	Loss 15.3522 (14.9196)	
Epoch: [0][1980/2300]	Time 1.118 (1.267)	Data 0.000 (0.140)	Loss 14.4259 (14.9185)	
Epoch: [0][1990/2300]	Time 1.117 (1.267)	Data 0.000 (0.140)	Loss 14.2843 (14.9150)	
Epoch: [0][2000/2300]	Time 1.118 (1.267)	Data 0.000 (0.139)	Loss 14.0568 (14.9125)	
Epoch: [0][2010/2300]	Time 1.114 (1.267)	Data 0.000 (0.139)	Loss 15.5345 (14.9125)	
Epoch: [0][2020/2300]	Time 1.120 (1.267)	Data 0.000 (0.139)	Loss 15.0759 (14.9151)	
Epoch: [0][2030/2300]	Time 1.122 (1.267)	Data 0.000 (0.140)	Loss 15.4924 (14.9127)	
Epoch: [0][2040/2300]	Time 1.120 (1.267)	Data 0.000 (0.140)	Loss 15.0357 (14.9181)	
Epoch: [0][2050/2300]	Time 1.123 (1.267)	Data 0.000 (0.140)	Loss 14.2642 (14.9150)	
Epoch: [0][2060/2300]	Time 1.118 (1.267)	Data 0.000 (0.140)	Loss 14.6771 (14.9141)	
Epoch: [0][2070/2300]	Time 1.118 (1.267)	Data 0.000 (0.140)	Loss 14.6936 (14.9137)	
Epoch: [0][2080/2300]	Time 1.120 (1.268)	Data 0.000 (0.140)	Loss 14.8487 (14.9135)	
Epoch: [0][2090/2300]	Time 1.121 (1.268)	Data 0.000 (0.141)	Loss 14.4948 (14.9110)	
Epoch: [0][2100/2300]	Time 1.115 (1.268)	Data 0.000 (0.141)	Loss 15.0808 (14.9100)	
Epoch: [0][2110/2300]	Time 1.118 (1.268)	Data 0.000 (0.141)	Loss 15.4378 (14.9129)	
Epoch: [0][2120/2300]	Time 1.117 (1.268)	Data 0.000 (0.141)	Loss 14.9966 (14.9144)	
Epoch: [0][2130/2300]	Time 1.117 (1.268)	Data 0.000 (0.141)	Loss 14.0992 (14.9133)	
Epoch: [0][2140/2300]	Time 1.122 (1.267)	Data 0.000 (0.140)	Loss 14.1420 (14.9089)	
Epoch: [0][2150/2300]	Time 1.445 (1.267)	Data 0.322 (0.140)	Loss 14.5494 (14.9071)	
Epoch: [0][2160/2300]	Time 1.115 (1.267)	Data 0.000 (0.140)	Loss 14.9546 (14.9063)	
Epoch: [0][2170/2300]	Time 1.297 (1.266)	Data 0.180 (0.139)	Loss 15.2986 (14.9074)	
Epoch: [0][2180/2300]	Time 1.120 (1.266)	Data 0.000 (0.140)	Loss 14.1148 (14.9046)	
Epoch: [0][2190/2300]	Time 1.121 (1.266)	Data 0.000 (0.139)	Loss 14.7179 (14.9014)	
Epoch: [0][2200/2300]	Time 1.123 (1.266)	Data 0.000 (0.139)	Loss 15.1746 (14.9021)	
Epoch: [0][2210/2300]	Time 1.119 (1.266)	Data 0.000 (0.140)	Loss 14.8382 (14.9033)	
Epoch: [0][2220/2300]	Time 1.128 (1.267)	Data 0.000 (0.140)	Loss 14.3626 (14.9005)	
Epoch: [0][2230/2300]	Time 1.136 (1.266)	Data 0.000 (0.139)	Loss 14.9927 (14.8996)	
Epoch: [0][2240/2300]	Time 1.119 (1.265)	Data 0.000 (0.139)	Loss 14.7042 (14.8985)	
Epoch: [0][2250/2300]	Time 1.117 (1.265)	Data 0.000 (0.138)	Loss 15.0526 (14.8985)	
Epoch: [0][2260/2300]	Time 1.519 (1.265)	Data 0.400 (0.139)	Loss 15.0466 (14.8992)	
Epoch: [0][2270/2300]	Time 1.120 (1.265)	Data 0.000 (0.138)	Loss 15.2329 (14.9003)	
Epoch: [0][2280/2300]	Time 1.120 (1.265)	Data 0.000 (0.138)	Loss 15.5386 (14.9027)	
Epoch: [0][2290/2300]	Time 1.508 (1.265)	Data 0.389 (0.139)	Loss 15.7343 (14.9052)	
Test [256/22606]	Net Time 3.027 (3.027)	Cls Time 0.441 (0.441)	Top1: 0.00
Test [512/22606]	Net Time 1.450 (2.238)	Cls Time 0.448 (0.445)	Top1: 0.20
Test [768/22606]	Net Time 0.008 (1.495)	Cls Time 0.448 (0.446)	Top1: 0.13
Test [1024/22606]	Net Time 0.039 (1.131)	Cls Time 0.416 (0.438)	Top1: 0.10
Test [1280/22606]	Net Time 0.009 (0.907)	Cls Time 0.446 (0.440)	Top1: 0.08
Test [1536/22606]	Net Time 2.205 (1.123)	Cls Time 0.447 (0.441)	Top1: 0.07
Test [1792/22606]	Net Time 0.006 (0.963)	Cls Time 0.450 (0.442)	Top1: 0.06
Test [2048/22606]	Net Time 0.006 (0.844)	Cls Time 0.449 (0.443)	Top1: 0.05
Test [2304/22606]	Net Time 0.006 (0.751)	Cls Time 0.449 (0.444)	Top1: 0.09
Test [2560/22606]	Net Time 1.511 (0.827)	Cls Time 0.448 (0.444)	Top1: 0.08
Test [2816/22606]	Net Time 0.010 (0.752)	Cls Time 0.445 (0.444)	Top1: 0.07
Test [3072/22606]	Net Time 0.008 (0.690)	Cls Time 0.448 (0.445)	Top1: 0.07
Test [3328/22606]	Net Time 0.012 (0.638)	Cls Time 0.444 (0.445)	Top1: 0.09
Test [3584/22606]	Net Time 0.818 (0.651)	Cls Time 0.448 (0.445)	Top1: 0.08
Test [3840/22606]	Net Time 0.694 (0.654)	Cls Time 0.447 (0.445)	Top1: 0.08
Test [4096/22606]	Net Time 0.008 (0.614)	Cls Time 0.447 (0.445)	Top1: 0.07
Test [4352/22606]	Net Time 0.009 (0.578)	Cls Time 0.447 (0.445)	Top1: 0.09
Test [4608/22606]	Net Time 0.694 (0.584)	Cls Time 0.447 (0.445)	Top1: 0.09
Test [4864/22606]	Net Time 1.438 (0.629)	Cls Time 0.435 (0.445)	Top1: 0.08
Test [5120/22606]	Net Time 0.008 (0.598)	Cls Time 0.447 (0.445)	Top1: 0.10
Test [5376/22606]	Net Time 0.009 (0.570)	Cls Time 0.447 (0.445)	Top1: 0.09
Test [5632/22606]	Net Time 0.008 (0.545)	Cls Time 0.449 (0.445)	Top1: 0.09
Test [5888/22606]	Net Time 2.476 (0.629)	Cls Time 0.448 (0.445)	Top1: 0.10
Test [6144/22606]	Net Time 0.008 (0.603)	Cls Time 0.447 (0.445)	Top1: 0.10
Test [6400/22606]	Net Time 0.009 (0.579)	Cls Time 0.445 (0.445)	Top1: 0.09
Test [6656/22606]	Net Time 0.009 (0.557)	Cls Time 0.448 (0.445)	Top1: 0.09
Test [6912/22606]	Net Time 1.133 (0.578)	Cls Time 0.448 (0.446)	Top1: 0.09
Test [7168/22606]	Net Time 0.007 (0.558)	Cls Time 0.447 (0.446)	Top1: 0.08
Test [7424/22606]	Net Time 0.011 (0.539)	Cls Time 0.446 (0.446)	Top1: 0.09
Test [7680/22606]	Net Time 0.008 (0.522)	Cls Time 0.447 (0.446)	Top1: 0.12
Test [7936/22606]	Net Time 0.682 (0.527)	Cls Time 0.448 (0.446)	Top1: 0.11
Test [8192/22606]	Net Time 0.016 (0.511)	Cls Time 0.440 (0.446)	Top1: 0.12
Test [8448/22606]	Net Time 0.010 (0.496)	Cls Time 0.446 (0.446)	Top1: 0.12
Test [8704/22606]	Net Time 0.008 (0.481)	Cls Time 0.447 (0.446)	Top1: 0.11
Test [8960/22606]	Net Time 0.751 (0.489)	Cls Time 0.446 (0.446)	Top1: 0.13
Test [9216/22606]	Net Time 0.600 (0.492)	Cls Time 0.447 (0.446)	Top1: 0.13
Test [9472/22606]	Net Time 0.587 (0.495)	Cls Time 0.448 (0.446)	Top1: 0.13
Test [9728/22606]	Net Time 0.022 (0.482)	Cls Time 0.434 (0.445)	Top1: 0.12
Test [9984/22606]	Net Time 0.009 (0.470)	Cls Time 0.446 (0.445)	Top1: 0.13
Test [10240/22606]	Net Time 1.198 (0.488)	Cls Time 0.448 (0.446)	Top1: 0.15
Test [10496/22606]	Net Time 0.899 (0.498)	Cls Time 0.436 (0.445)	Top1: 0.14
Test [10752/22606]	Net Time 0.012 (0.487)	Cls Time 0.444 (0.445)	Top1: 0.14
Test [11008/22606]	Net Time 0.008 (0.475)	Cls Time 0.447 (0.445)	Top1: 0.15
Test [11264/22606]	Net Time 0.319 (0.472)	Cls Time 0.447 (0.445)	Top1: 0.15
Test [11520/22606]	Net Time 1.955 (0.505)	Cls Time 0.448 (0.445)	Top1: 0.18
Test [11776/22606]	Net Time 0.038 (0.495)	Cls Time 0.418 (0.445)	Top1: 0.18
Test [12032/22606]	Net Time 0.008 (0.484)	Cls Time 0.448 (0.445)	Top1: 0.17
Test [12288/22606]	Net Time 0.010 (0.474)	Cls Time 0.445 (0.445)	Top1: 0.18
Test [12544/22606]	Net Time 1.235 (0.490)	Cls Time 0.448 (0.445)	Top1: 0.18
Test [12800/22606]	Net Time 0.009 (0.480)	Cls Time 0.446 (0.445)	Top1: 0.18
Test [13056/22606]	Net Time 0.036 (0.472)	Cls Time 0.464 (0.445)	Top1: 0.18
Test [13312/22606]	Net Time 0.008 (0.463)	Cls Time 0.447 (0.445)	Top1: 0.19
Test [13568/22606]	Net Time 1.237 (0.477)	Cls Time 0.448 (0.445)	Top1: 0.19
Test [13824/22606]	Net Time 0.008 (0.469)	Cls Time 0.448 (0.446)	Top1: 0.19
Test [14080/22606]	Net Time 0.009 (0.460)	Cls Time 0.445 (0.446)	Top1: 0.21
Test [14336/22606]	Net Time 0.597 (0.463)	Cls Time 0.448 (0.446)	Top1: 0.21
Test [14592/22606]	Net Time 0.522 (0.464)	Cls Time 0.448 (0.446)	Top1: 0.21
Test [14848/22606]	Net Time 0.008 (0.456)	Cls Time 0.447 (0.446)	Top1: 0.21
Test [15104/22606]	Net Time 0.009 (0.448)	Cls Time 0.445 (0.446)	Top1: 0.21
Test [15360/22606]	Net Time 1.540 (0.467)	Cls Time 0.446 (0.446)	Top1: 0.21
Test [15616/22606]	Net Time 0.008 (0.459)	Cls Time 0.448 (0.446)	Top1: 0.22
Test [15872/22606]	Net Time 0.008 (0.452)	Cls Time 0.447 (0.446)	Top1: 0.21
Test [16128/22606]	Net Time 0.008 (0.445)	Cls Time 0.448 (0.446)	Top1: 0.21
Test [16384/22606]	Net Time 1.718 (0.465)	Cls Time 0.447 (0.446)	Top1: 0.21
Test [16640/22606]	Net Time 0.010 (0.458)	Cls Time 0.446 (0.446)	Top1: 0.20
Test [16896/22606]	Net Time 0.032 (0.451)	Cls Time 0.422 (0.445)	Top1: 0.20
Test [17152/22606]	Net Time 0.022 (0.445)	Cls Time 0.435 (0.445)	Top1: 0.20
Test [17408/22606]	Net Time 2.133 (0.470)	Cls Time 0.448 (0.445)	Top1: 0.20
Test [17664/22606]	Net Time 0.038 (0.463)	Cls Time 0.419 (0.445)	Top1: 0.19
Test [17920/22606]	Net Time 0.008 (0.457)	Cls Time 0.447 (0.445)	Top1: 0.20
Test [18176/22606]	Net Time 0.008 (0.451)	Cls Time 0.460 (0.445)	Top1: 0.20
Test [18432/22606]	Net Time 2.007 (0.472)	Cls Time 0.449 (0.445)	Top1: 0.20
Test [18688/22606]	Net Time 0.010 (0.466)	Cls Time 0.448 (0.445)	Top1: 0.19
Test [18944/22606]	Net Time 0.011 (0.460)	Cls Time 0.443 (0.445)	Top1: 0.20
Test [19200/22606]	Net Time 0.006 (0.454)	Cls Time 0.449 (0.445)	Top1: 0.19
Test [19456/22606]	Net Time 1.062 (0.462)	Cls Time 0.449 (0.445)	Top1: 0.22
Test [19712/22606]	Net Time 0.008 (0.456)	Cls Time 0.449 (0.445)	Top1: 0.22
Test [19968/22606]	Net Time 0.037 (0.450)	Cls Time 0.419 (0.445)	Top1: 0.22
Test [20224/22606]	Net Time 0.008 (0.445)	Cls Time 0.447 (0.445)	Top1: 0.22
Test [20480/22606]	Net Time 1.289 (0.455)	Cls Time 0.448 (0.445)	Top1: 0.22
Test [20736/22606]	Net Time 0.011 (0.450)	Cls Time 0.446 (0.445)	Top1: 0.24
Test [20992/22606]	Net Time 0.025 (0.445)	Cls Time 0.430 (0.445)	Top1: 0.24
Test [21248/22606]	Net Time 0.008 (0.439)	Cls Time 0.448 (0.445)	Top1: 0.25
Test [21504/22606]	Net Time 0.560 (0.441)	Cls Time 0.468 (0.445)	Top1: 0.25
Test [21760/22606]	Net Time 0.008 (0.436)	Cls Time 0.448 (0.445)	Top1: 0.25
Test [22016/22606]	Net Time 0.046 (0.431)	Cls Time 0.448 (0.445)	Top1: 0.25
Test [22272/22606]	Net Time 0.008 (0.426)	Cls Time 0.449 (0.445)	Top1: 0.25
Test [22528/22606]	Net Time 0.962 (0.432)	Cls Time 0.446 (0.445)	Top1: 0.24
Test [22606/22606]	Net Time 1.150 (0.440)	Cls Time 0.022 (0.441)	Top1: 0.24
Traceback (most recent call last):
  File "/user_data/vayzenbe/GitHub_Repos/ginn/model_training/train_model.py", line 338, in <module>
    main()
  File "/user_data/vayzenbe/GitHub_Repos/ginn/model_training/train_model.py", line 231, in main
    save_checkpoint({
  File "/user_data/vayzenbe/GitHub_Repos/ginn/model_training/train_model.py", line 298, in save_checkpoint
    torch.save(state, f'{out_dir}/{filename}_checkpoint_{args.rand_seed}.pth.tar')
  File "/home/vayzenbe/anaconda3/envs/ml_new/lib/python3.9/site-packages/torch/serialization.py", line 377, in save
    with _open_file_like(f, 'wb') as opened_file:
  File "/home/vayzenbe/anaconda3/envs/ml_new/lib/python3.9/site-packages/torch/serialization.py", line 231, in _open_file_like
    return _open_file(name_or_buffer, mode)
  File "/home/vayzenbe/anaconda3/envs/ml_new/lib/python3.9/site-packages/torch/serialization.py", line 212, in __init__
    super(_open_file, self).__init__(open(name, mode))
FileNotFoundError: [Errno 2] No such file or directory: '/lab_data/behrmannlab/vlad/ginn/model_weights/cornet_z_/scratch/vayzenbe/imagenet_noface_checkpoint_1.pth.tar'
