images transferred
everything loaded
cornet_z_/scratch/vayzenbe/imagenet_vggface
runs created?
=> creating model 'cornet_z'
cornet_z
normalization constant Z is set to 1690788.2
Epoch: [0][0/2988]	Time 22.241 (22.241)	Data 7.991 (7.991)	Loss 10.1513 (10.1513)	
Epoch: [0][10/2988]	Time 1.245 (3.161)	Data 0.000 (0.727)	Loss 11.0286 (10.5560)	
Epoch: [0][20/2988]	Time 1.860 (2.280)	Data 0.620 (0.410)	Loss 11.5428 (10.9819)	
Epoch: [0][30/2988]	Time 1.246 (2.049)	Data 0.000 (0.380)	Loss 12.4373 (11.3369)	
Epoch: [0][40/2988]	Time 1.499 (1.922)	Data 0.260 (0.355)	Loss 13.4202 (11.7284)	
Epoch: [0][50/2988]	Time 1.248 (1.869)	Data 0.000 (0.365)	Loss 13.3699 (12.0564)	
Epoch: [0][60/2988]	Time 1.245 (1.808)	Data 0.000 (0.346)	Loss 13.1879 (12.2380)	
Epoch: [0][70/2988]	Time 1.247 (1.789)	Data 0.000 (0.358)	Loss 13.0653 (12.3634)	
Epoch: [0][80/2988]	Time 1.245 (1.748)	Data 0.000 (0.338)	Loss 13.2550 (12.4747)	
Epoch: [0][90/2988]	Time 1.248 (1.727)	Data 0.000 (0.335)	Loss 13.1364 (12.5646)	
Epoch: [0][100/2988]	Time 1.246 (1.680)	Data 0.000 (0.302)	Loss 13.1366 (12.6132)	
Epoch: [0][110/2988]	Time 1.243 (1.642)	Data 0.000 (0.275)	Loss 12.6741 (12.6301)	
Epoch: [0][120/2988]	Time 1.243 (1.609)	Data 0.000 (0.252)	Loss 13.2235 (12.6832)	
Epoch: [0][130/2988]	Time 1.245 (1.582)	Data 0.000 (0.233)	Loss 13.4361 (12.7360)	
Epoch: [0][140/2988]	Time 1.250 (1.558)	Data 0.000 (0.217)	Loss 12.6615 (12.7666)	
Epoch: [0][150/2988]	Time 1.245 (1.537)	Data 0.000 (0.202)	Loss 13.2025 (12.7771)	
Epoch: [0][160/2988]	Time 1.244 (1.519)	Data 0.000 (0.190)	Loss 13.1926 (12.8114)	
Epoch: [0][170/2988]	Time 1.245 (1.504)	Data 0.000 (0.179)	Loss 13.9556 (12.8488)	
Epoch: [0][180/2988]	Time 1.246 (1.490)	Data 0.000 (0.169)	Loss 13.0768 (12.8793)	
Epoch: [0][190/2988]	Time 1.247 (1.477)	Data 0.000 (0.160)	Loss 12.9916 (12.8815)	
Epoch: [0][200/2988]	Time 1.245 (1.466)	Data 0.000 (0.152)	Loss 14.2787 (12.9285)	
Epoch: [0][210/2988]	Time 1.248 (1.455)	Data 0.000 (0.145)	Loss 13.3105 (12.9735)	
Epoch: [0][220/2988]	Time 1.244 (1.446)	Data 0.000 (0.138)	Loss 13.1586 (12.9722)	
Epoch: [0][230/2988]	Time 1.245 (1.437)	Data 0.000 (0.132)	Loss 13.5860 (12.9915)	
Epoch: [0][240/2988]	Time 1.242 (1.429)	Data 0.000 (0.127)	Loss 13.8173 (13.0253)	
Epoch: [0][250/2988]	Time 1.249 (1.422)	Data 0.000 (0.122)	Loss 13.4967 (13.0469)	
Epoch: [0][260/2988]	Time 1.242 (1.415)	Data 0.000 (0.117)	Loss 13.8988 (13.0728)	
Epoch: [0][270/2988]	Time 1.246 (1.409)	Data 0.000 (0.113)	Loss 13.9055 (13.1094)	
Epoch: [0][280/2988]	Time 1.244 (1.403)	Data 0.000 (0.109)	Loss 14.0307 (13.1425)	
Epoch: [0][290/2988]	Time 1.247 (1.398)	Data 0.000 (0.105)	Loss 13.8482 (13.1722)	
Epoch: [0][300/2988]	Time 1.264 (1.393)	Data 0.000 (0.102)	Loss 14.4408 (13.1943)	
Epoch: [0][310/2988]	Time 1.244 (1.388)	Data 0.000 (0.098)	Loss 13.3639 (13.2236)	
Epoch: [0][320/2988]	Time 1.244 (1.384)	Data 0.000 (0.095)	Loss 13.3919 (13.2273)	
Epoch: [0][330/2988]	Time 1.243 (1.380)	Data 0.000 (0.092)	Loss 14.4582 (13.2471)	
Epoch: [0][340/2988]	Time 1.244 (1.377)	Data 0.000 (0.090)	Loss 15.2624 (13.2988)	
Epoch: [0][350/2988]	Time 1.244 (1.373)	Data 0.000 (0.087)	Loss 15.3382 (13.3600)	
Epoch: [0][360/2988]	Time 1.244 (1.370)	Data 0.000 (0.085)	Loss 13.1805 (13.3857)	
Epoch: [0][370/2988]	Time 1.246 (1.366)	Data 0.000 (0.083)	Loss 13.3787 (13.3849)	
Epoch: [0][380/2988]	Time 1.242 (1.363)	Data 0.000 (0.080)	Loss 13.9682 (13.3927)	
Epoch: [0][390/2988]	Time 1.246 (1.360)	Data 0.000 (0.078)	Loss 14.6390 (13.4142)	
Epoch: [0][400/2988]	Time 1.245 (1.357)	Data 0.000 (0.076)	Loss 14.4023 (13.4411)	
Epoch: [0][410/2988]	Time 1.245 (1.355)	Data 0.000 (0.075)	Loss 14.9048 (13.4692)	
Epoch: [0][420/2988]	Time 1.245 (1.352)	Data 0.000 (0.073)	Loss 13.4326 (13.4820)	
Epoch: [0][430/2988]	Time 1.246 (1.350)	Data 0.000 (0.071)	Loss 13.5124 (13.4828)	
Epoch: [0][440/2988]	Time 1.245 (1.347)	Data 0.000 (0.069)	Loss 13.6787 (13.4816)	
Epoch: [0][450/2988]	Time 1.246 (1.345)	Data 0.000 (0.068)	Loss 14.3169 (13.4945)	
Epoch: [0][460/2988]	Time 1.245 (1.343)	Data 0.000 (0.066)	Loss 14.3256 (13.5151)	
Epoch: [0][470/2988]	Time 1.264 (1.341)	Data 0.000 (0.065)	Loss 15.7190 (13.5459)	
Epoch: [0][480/2988]	Time 1.243 (1.339)	Data 0.000 (0.064)	Loss 15.1464 (13.5855)	
Epoch: [0][490/2988]	Time 1.247 (1.337)	Data 0.000 (0.062)	Loss 14.7943 (13.6089)	
Epoch: [0][500/2988]	Time 1.246 (1.335)	Data 0.000 (0.061)	Loss 15.3745 (13.6387)	
Epoch: [0][510/2988]	Time 1.243 (1.334)	Data 0.000 (0.060)	Loss 14.8790 (13.6687)	
Epoch: [0][520/2988]	Time 1.247 (1.332)	Data 0.000 (0.059)	Loss 15.5011 (13.6934)	
Epoch: [0][530/2988]	Time 1.280 (1.330)	Data 0.000 (0.058)	Loss 15.7926 (13.7350)	
Epoch: [0][540/2988]	Time 1.243 (1.329)	Data 0.000 (0.057)	Loss 14.9018 (13.7639)	
Epoch: [0][550/2988]	Time 1.247 (1.327)	Data 0.000 (0.056)	Loss 15.0915 (13.7879)	
Epoch: [0][560/2988]	Time 1.246 (1.326)	Data 0.000 (0.055)	Loss 13.9996 (13.7995)	
Epoch: [0][570/2988]	Time 1.249 (1.325)	Data 0.000 (0.054)	Loss 13.9447 (13.8007)	
Epoch: [0][580/2988]	Time 1.247 (1.323)	Data 0.000 (0.053)	Loss 14.2166 (13.8127)	
Epoch: [0][590/2988]	Time 1.247 (1.322)	Data 0.000 (0.052)	Loss 14.9240 (13.8242)	
Epoch: [0][600/2988]	Time 1.248 (1.321)	Data 0.000 (0.051)	Loss 14.1848 (13.8391)	
Epoch: [0][610/2988]	Time 1.248 (1.319)	Data 0.000 (0.050)	Loss 15.1647 (13.8637)	
Epoch: [0][620/2988]	Time 1.247 (1.318)	Data 0.000 (0.049)	Loss 15.6644 (13.8864)	
Epoch: [0][630/2988]	Time 1.245 (1.317)	Data 0.000 (0.049)	Loss 15.6026 (13.9150)	
Epoch: [0][640/2988]	Time 1.247 (1.316)	Data 0.000 (0.048)	Loss 15.5551 (13.9374)	
Epoch: [0][650/2988]	Time 1.244 (1.315)	Data 0.000 (0.047)	Loss 15.7348 (13.9636)	
Epoch: [0][660/2988]	Time 1.248 (1.314)	Data 0.000 (0.046)	Loss 16.7750 (13.9994)	
Epoch: [0][670/2988]	Time 1.260 (1.313)	Data 0.000 (0.046)	Loss 17.0529 (14.0409)	
Epoch: [0][680/2988]	Time 1.247 (1.312)	Data 0.000 (0.045)	Loss 16.7223 (14.0823)	
Epoch: [0][690/2988]	Time 1.245 (1.311)	Data 0.000 (0.044)	Loss 15.7885 (14.1161)	
Epoch: [0][700/2988]	Time 1.246 (1.310)	Data 0.000 (0.044)	Loss 15.1632 (14.1333)	
Epoch: [0][710/2988]	Time 1.290 (1.310)	Data 0.000 (0.043)	Loss 17.5744 (14.1675)	
Epoch: [0][720/2988]	Time 1.245 (1.309)	Data 0.000 (0.043)	Loss 16.7652 (14.2103)	
Epoch: [0][730/2988]	Time 1.244 (1.308)	Data 0.000 (0.042)	Loss 15.2812 (14.2347)	
Epoch: [0][740/2988]	Time 1.245 (1.307)	Data 0.000 (0.041)	Loss 14.8270 (14.2430)	
Epoch: [0][750/2988]	Time 1.279 (1.306)	Data 0.000 (0.041)	Loss 15.1881 (14.2520)	
Epoch: [0][760/2988]	Time 1.246 (1.306)	Data 0.000 (0.040)	Loss 15.4099 (14.2566)	
Epoch: [0][770/2988]	Time 1.244 (1.305)	Data 0.000 (0.040)	Loss 14.8927 (14.2660)	
Epoch: [0][780/2988]	Time 1.245 (1.304)	Data 0.000 (0.039)	Loss 16.1351 (14.2882)	
Epoch: [0][790/2988]	Time 1.245 (1.304)	Data 0.000 (0.039)	Loss 16.1789 (14.3104)	
Epoch: [0][800/2988]	Time 1.247 (1.303)	Data 0.000 (0.038)	Loss 15.7146 (14.3294)	
Epoch: [0][810/2988]	Time 1.244 (1.302)	Data 0.001 (0.038)	Loss 15.1899 (14.3452)	
Epoch: [0][820/2988]	Time 1.243 (1.302)	Data 0.000 (0.037)	Loss 14.8865 (14.3526)	
Epoch: [0][830/2988]	Time 1.247 (1.301)	Data 0.000 (0.037)	Loss 15.4795 (14.3643)	
Epoch: [0][840/2988]	Time 1.245 (1.300)	Data 0.000 (0.037)	Loss 16.2279 (14.3836)	
Epoch: [0][850/2988]	Time 1.243 (1.300)	Data 0.000 (0.036)	Loss 16.6896 (14.4063)	
Epoch: [0][860/2988]	Time 1.246 (1.299)	Data 0.000 (0.036)	Loss 15.5018 (14.4230)	
Epoch: [0][870/2988]	Time 1.244 (1.298)	Data 0.000 (0.035)	Loss 14.9310 (14.4343)	
Epoch: [0][880/2988]	Time 1.247 (1.298)	Data 0.000 (0.035)	Loss 15.7259 (14.4425)	
Epoch: [0][890/2988]	Time 1.245 (1.297)	Data 0.000 (0.035)	Loss 15.8201 (14.4566)	
Epoch: [0][900/2988]	Time 1.246 (1.297)	Data 0.000 (0.034)	Loss 15.2491 (14.4700)	
Epoch: [0][910/2988]	Time 1.244 (1.296)	Data 0.000 (0.034)	Loss 15.4102 (14.4791)	
Epoch: [0][920/2988]	Time 1.247 (1.296)	Data 0.000 (0.033)	Loss 15.9194 (14.4951)	
Epoch: [0][930/2988]	Time 1.248 (1.295)	Data 0.000 (0.033)	Loss 17.1153 (14.5177)	
Epoch: [0][940/2988]	Time 1.244 (1.295)	Data 0.000 (0.033)	Loss 16.7147 (14.5444)	
Epoch: [0][950/2988]	Time 1.244 (1.294)	Data 0.000 (0.032)	Loss 17.2640 (14.5691)	
Epoch: [0][960/2988]	Time 1.244 (1.294)	Data 0.000 (0.032)	Loss 17.5644 (14.5989)	
Epoch: [0][970/2988]	Time 1.242 (1.293)	Data 0.000 (0.032)	Loss 18.7836 (14.6358)	
Epoch: [0][980/2988]	Time 1.246 (1.293)	Data 0.000 (0.031)	Loss 19.0845 (14.6811)	
Epoch: [0][990/2988]	Time 1.250 (1.292)	Data 0.000 (0.031)	Loss 17.6655 (14.7202)	
Epoch: [0][1000/2988]	Time 1.246 (1.292)	Data 0.000 (0.031)	Loss 16.4337 (14.7413)	
Epoch: [0][1010/2988]	Time 1.242 (1.292)	Data 0.000 (0.031)	Loss 16.4400 (14.7589)	
Epoch: [0][1020/2988]	Time 1.255 (1.291)	Data 0.000 (0.030)	Loss 17.1201 (14.7829)	
Epoch: [0][1030/2988]	Time 1.243 (1.291)	Data 0.000 (0.030)	Loss 16.7460 (14.8029)	
Epoch: [0][1040/2988]	Time 1.245 (1.290)	Data 0.000 (0.030)	Loss 16.4084 (14.8186)	
Epoch: [0][1050/2988]	Time 1.245 (1.290)	Data 0.000 (0.029)	Loss 18.2425 (14.8436)	
Epoch: [0][1060/2988]	Time 1.245 (1.289)	Data 0.000 (0.029)	Loss 16.8163 (14.8678)	
Epoch: [0][1070/2988]	Time 1.247 (1.289)	Data 0.000 (0.029)	Loss 15.7681 (14.8780)	
Epoch: [0][1080/2988]	Time 1.297 (1.289)	Data 0.000 (0.029)	Loss 16.3609 (14.8899)	
Epoch: [0][1090/2988]	Time 1.252 (1.288)	Data 0.000 (0.028)	Loss 16.8802 (14.9072)	
Epoch: [0][1100/2988]	Time 1.247 (1.288)	Data 0.000 (0.028)	Loss 16.5152 (14.9215)	
Epoch: [0][1110/2988]	Time 1.244 (1.288)	Data 0.000 (0.028)	Loss 16.0800 (14.9328)	
Epoch: [0][1120/2988]	Time 1.247 (1.287)	Data 0.000 (0.028)	Loss 16.3984 (14.9448)	
Epoch: [0][1130/2988]	Time 1.245 (1.287)	Data 0.000 (0.027)	Loss 16.6337 (14.9611)	
Epoch: [0][1140/2988]	Time 1.245 (1.287)	Data 0.000 (0.027)	Loss 16.1817 (14.9729)	
Epoch: [0][1150/2988]	Time 1.242 (1.286)	Data 0.000 (0.027)	Loss 15.7690 (14.9801)	
Epoch: [0][1160/2988]	Time 1.247 (1.286)	Data 0.000 (0.027)	Loss 14.7831 (14.9815)	
Epoch: [0][1170/2988]	Time 1.245 (1.286)	Data 0.000 (0.026)	Loss 14.4700 (14.9779)	
Epoch: [0][1180/2988]	Time 1.246 (1.285)	Data 0.000 (0.026)	Loss 14.9182 (14.9748)	
Epoch: [0][1190/2988]	Time 1.243 (1.285)	Data 0.000 (0.026)	Loss 15.6556 (14.9764)	
Epoch: [0][1200/2988]	Time 1.248 (1.285)	Data 0.000 (0.026)	Loss 16.2212 (14.9804)	
Epoch: [0][1210/2988]	Time 1.274 (1.284)	Data 0.000 (0.026)	Loss 15.0343 (14.9850)	
Epoch: [0][1220/2988]	Time 1.246 (1.284)	Data 0.000 (0.025)	Loss 16.1653 (14.9860)	
Epoch: [0][1230/2988]	Time 1.245 (1.284)	Data 0.000 (0.025)	Loss 16.2759 (14.9947)	
Epoch: [0][1240/2988]	Time 1.248 (1.284)	Data 0.000 (0.025)	Loss 15.6996 (15.0045)	
Epoch: [0][1250/2988]	Time 1.246 (1.283)	Data 0.000 (0.025)	Loss 20.1596 (15.0272)	
Epoch: [0][1260/2988]	Time 1.241 (1.283)	Data 0.000 (0.025)	Loss 18.6080 (15.0691)	
Epoch: [0][1270/2988]	Time 1.244 (1.283)	Data 0.000 (0.024)	Loss 15.3193 (15.0793)	
Epoch: [0][1280/2988]	Time 1.246 (1.282)	Data 0.000 (0.024)	Loss 17.0403 (15.0897)	
Epoch: [0][1290/2988]	Time 1.246 (1.282)	Data 0.000 (0.024)	Loss 17.7070 (15.1058)	
Epoch: [0][1300/2988]	Time 1.247 (1.282)	Data 0.000 (0.024)	Loss 18.3603 (15.1277)	
Epoch: [0][1310/2988]	Time 1.245 (1.282)	Data 0.000 (0.024)	Loss 14.6191 (15.1341)	
Epoch: [0][1320/2988]	Time 1.243 (1.281)	Data 0.000 (0.023)	Loss 15.2349 (15.1405)	
Epoch: [0][1330/2988]	Time 1.246 (1.281)	Data 0.000 (0.023)	Loss 23.1177 (15.1749)	
Epoch: [0][1340/2988]	Time 1.247 (1.281)	Data 0.000 (0.023)	Loss 23.1825 (15.2433)	
Epoch: [0][1350/2988]	Time 1.246 (1.281)	Data 0.000 (0.023)	Loss 21.3726 (15.2879)	
Epoch: [0][1360/2988]	Time 1.245 (1.280)	Data 0.000 (0.023)	Loss 25.0388 (15.3485)	
Epoch: [0][1370/2988]	Time 1.250 (1.280)	Data 0.000 (0.023)	Loss 22.4609 (15.4226)	
Epoch: [0][1380/2988]	Time 1.245 (1.280)	Data 0.000 (0.022)	Loss 18.8843 (15.4575)	
Epoch: [0][1390/2988]	Time 1.248 (1.280)	Data 0.000 (0.022)	Loss 18.0853 (15.4777)	
Epoch: [0][1400/2988]	Time 1.248 (1.280)	Data 0.000 (0.022)	Loss 17.1979 (15.4931)	
Epoch: [0][1410/2988]	Time 1.249 (1.279)	Data 0.000 (0.022)	Loss 17.0186 (15.5048)	
Epoch: [0][1420/2988]	Time 1.242 (1.279)	Data 0.000 (0.022)	Loss 17.5563 (15.5160)	
Epoch: [0][1430/2988]	Time 1.246 (1.279)	Data 0.000 (0.022)	Loss 18.2815 (15.5325)	
Epoch: [0][1440/2988]	Time 1.246 (1.279)	Data 0.000 (0.022)	Loss 18.7434 (15.5547)	
Epoch: [0][1450/2988]	Time 1.250 (1.278)	Data 0.000 (0.021)	Loss 17.6965 (15.5726)	
Epoch: [0][1460/2988]	Time 1.246 (1.278)	Data 0.000 (0.021)	Loss 16.5255 (15.5813)	
Epoch: [0][1470/2988]	Time 1.244 (1.278)	Data 0.000 (0.021)	Loss 16.0639 (15.5854)	
Epoch: [0][1480/2988]	Time 1.247 (1.278)	Data 0.000 (0.021)	Loss 15.7308 (15.5886)	
Epoch: [0][1490/2988]	Time 1.247 (1.278)	Data 0.000 (0.021)	Loss 15.3688 (15.5863)	
Epoch: [0][1500/2988]	Time 1.246 (1.277)	Data 0.000 (0.021)	Loss 15.8938 (15.5869)	
Epoch: [0][1510/2988]	Time 1.244 (1.277)	Data 0.000 (0.021)	Loss 16.8046 (15.5910)	
Epoch: [0][1520/2988]	Time 1.244 (1.277)	Data 0.000 (0.020)	Loss 16.8547 (15.5997)	
Epoch: [0][1530/2988]	Time 1.249 (1.277)	Data 0.000 (0.020)	Loss 16.3184 (15.6063)	
Epoch: [0][1540/2988]	Time 1.247 (1.277)	Data 0.000 (0.020)	Loss 16.0599 (15.6101)	
Epoch: [0][1550/2988]	Time 1.243 (1.276)	Data 0.000 (0.020)	Loss 15.9174 (15.6133)	
Epoch: [0][1560/2988]	Time 1.249 (1.276)	Data 0.000 (0.020)	Loss 15.3257 (15.6122)	
Epoch: [0][1570/2988]	Time 1.244 (1.276)	Data 0.000 (0.020)	Loss 15.0433 (15.6074)	
Epoch: [0][1580/2988]	Time 1.247 (1.276)	Data 0.000 (0.020)	Loss 14.5582 (15.6003)	
Epoch: [0][1590/2988]	Time 1.252 (1.276)	Data 0.000 (0.020)	Loss 14.5941 (15.5949)	
Epoch: [0][1600/2988]	Time 1.244 (1.276)	Data 0.000 (0.019)	Loss 14.6580 (15.5872)	
Epoch: [0][1610/2988]	Time 1.247 (1.275)	Data 0.000 (0.019)	Loss 15.6113 (15.5853)	
Epoch: [0][1620/2988]	Time 1.243 (1.275)	Data 0.000 (0.019)	Loss 14.8736 (15.5840)	
Epoch: [0][1630/2988]	Time 1.256 (1.275)	Data 0.000 (0.019)	Loss 15.6213 (15.5800)	
Epoch: [0][1640/2988]	Time 1.242 (1.275)	Data 0.000 (0.019)	Loss 15.4218 (15.5797)	
Epoch: [0][1650/2988]	Time 1.245 (1.275)	Data 0.000 (0.019)	Loss 15.6099 (15.5800)	
Epoch: [0][1660/2988]	Time 1.249 (1.275)	Data 0.000 (0.019)	Loss 15.4047 (15.5791)	
Epoch: [0][1670/2988]	Time 1.243 (1.274)	Data 0.000 (0.019)	Loss 14.8972 (15.5740)	
Epoch: [0][1680/2988]	Time 1.242 (1.274)	Data 0.000 (0.018)	Loss 14.8265 (15.5700)	
Epoch: [0][1690/2988]	Time 1.244 (1.274)	Data 0.000 (0.018)	Loss 15.5601 (15.5671)	
Epoch: [0][1700/2988]	Time 1.245 (1.274)	Data 0.000 (0.018)	Loss 15.1715 (15.5665)	
Epoch: [0][1710/2988]	Time 1.247 (1.274)	Data 0.000 (0.018)	Loss 15.0335 (15.5647)	
Epoch: [0][1720/2988]	Time 1.247 (1.274)	Data 0.000 (0.018)	Loss 14.2239 (15.5585)	
Epoch: [0][1730/2988]	Time 1.242 (1.273)	Data 0.000 (0.018)	Loss 15.4338 (15.5541)	
Epoch: [0][1740/2988]	Time 1.247 (1.273)	Data 0.000 (0.018)	Loss 13.9870 (15.5496)	
Epoch: [0][1750/2988]	Time 1.242 (1.273)	Data 0.000 (0.018)	Loss 13.9384 (15.5419)	
Epoch: [0][1760/2988]	Time 1.248 (1.273)	Data 0.000 (0.018)	Loss 15.0353 (15.5398)	
Epoch: [0][1770/2988]	Time 1.248 (1.273)	Data 0.000 (0.018)	Loss 14.6140 (15.5337)	
Epoch: [0][1780/2988]	Time 1.247 (1.273)	Data 0.000 (0.017)	Loss 15.2733 (15.5307)	
Epoch: [0][1790/2988]	Time 1.250 (1.273)	Data 0.000 (0.017)	Loss 15.2254 (15.5290)	
Epoch: [0][1800/2988]	Time 1.240 (1.272)	Data 0.000 (0.017)	Loss 14.8754 (15.5267)	
Epoch: [0][1810/2988]	Time 1.242 (1.272)	Data 0.000 (0.017)	Loss 15.1828 (15.5231)	
Epoch: [0][1820/2988]	Time 1.243 (1.272)	Data 0.000 (0.017)	Loss 15.9225 (15.5225)	
Epoch: [0][1830/2988]	Time 1.267 (1.272)	Data 0.000 (0.017)	Loss 15.5230 (15.5229)	
Epoch: [0][1840/2988]	Time 1.245 (1.272)	Data 0.000 (0.017)	Loss 15.0132 (15.5214)	
Epoch: [0][1850/2988]	Time 1.252 (1.272)	Data 0.000 (0.017)	Loss 15.2917 (15.5180)	
Epoch: [0][1860/2988]	Time 1.247 (1.272)	Data 0.000 (0.017)	Loss 15.8270 (15.5196)	
Epoch: [0][1870/2988]	Time 1.246 (1.271)	Data 0.000 (0.017)	Loss 15.3532 (15.5196)	
Epoch: [0][1880/2988]	Time 1.285 (1.271)	Data 0.000 (0.017)	Loss 15.7085 (15.5194)	
Epoch: [0][1890/2988]	Time 1.243 (1.271)	Data 0.000 (0.016)	Loss 16.7922 (15.5225)	
Epoch: [0][1900/2988]	Time 1.243 (1.271)	Data 0.000 (0.016)	Loss 15.9883 (15.5257)	
Epoch: [0][1910/2988]	Time 1.246 (1.271)	Data 0.000 (0.016)	Loss 15.2435 (15.5241)	
Epoch: [0][1920/2988]	Time 1.245 (1.271)	Data 0.000 (0.016)	Loss 15.2584 (15.5214)	
Epoch: [0][1930/2988]	Time 1.244 (1.271)	Data 0.000 (0.016)	Loss 14.7381 (15.5189)	
Epoch: [0][1940/2988]	Time 1.248 (1.271)	Data 0.000 (0.016)	Loss 14.6028 (15.5140)	
Epoch: [0][1950/2988]	Time 1.247 (1.271)	Data 0.000 (0.016)	Loss 14.8890 (15.5089)	
Epoch: [0][1960/2988]	Time 1.249 (1.270)	Data 0.000 (0.016)	Loss 15.1982 (15.5067)	
Epoch: [0][1970/2988]	Time 1.245 (1.270)	Data 0.000 (0.016)	Loss 13.7995 (15.5006)	
Epoch: [0][1980/2988]	Time 1.243 (1.270)	Data 0.000 (0.016)	Loss 14.8640 (15.4963)	
Epoch: [0][1990/2988]	Time 1.282 (1.270)	Data 0.000 (0.016)	Loss 15.2399 (15.4948)	
Epoch: [0][2000/2988]	Time 1.248 (1.270)	Data 0.000 (0.016)	Loss 15.5230 (15.4946)	
Epoch: [0][2010/2988]	Time 1.248 (1.270)	Data 0.000 (0.016)	Loss 16.4002 (15.4961)	
Epoch: [0][2020/2988]	Time 1.245 (1.270)	Data 0.000 (0.015)	Loss 15.8133 (15.4972)	
Epoch: [0][2030/2988]	Time 1.273 (1.270)	Data 0.000 (0.015)	Loss 15.8333 (15.4976)	
Epoch: [0][2040/2988]	Time 1.243 (1.269)	Data 0.000 (0.015)	Loss 15.3478 (15.4990)	
Epoch: [0][2050/2988]	Time 1.243 (1.269)	Data 0.000 (0.015)	Loss 14.2371 (15.4957)	
Epoch: [0][2060/2988]	Time 1.246 (1.269)	Data 0.000 (0.015)	Loss 14.4274 (15.4903)	
Epoch: [0][2070/2988]	Time 1.246 (1.269)	Data 0.000 (0.015)	Loss 14.4750 (15.4847)	
Epoch: [0][2080/2988]	Time 1.243 (1.269)	Data 0.000 (0.015)	Loss 14.4670 (15.4805)	
Epoch: [0][2090/2988]	Time 1.245 (1.269)	Data 0.000 (0.015)	Loss 14.8189 (15.4775)	
Epoch: [0][2100/2988]	Time 1.247 (1.269)	Data 0.000 (0.015)	Loss 14.9554 (15.4744)	
Epoch: [0][2110/2988]	Time 1.246 (1.269)	Data 0.000 (0.015)	Loss 15.6349 (15.4733)	
Epoch: [0][2120/2988]	Time 1.246 (1.269)	Data 0.000 (0.015)	Loss 15.6281 (15.4749)	
Epoch: [0][2130/2988]	Time 1.247 (1.269)	Data 0.000 (0.015)	Loss 14.7191 (15.4739)	
Epoch: [0][2140/2988]	Time 1.247 (1.268)	Data 0.001 (0.015)	Loss 14.5281 (15.4689)	
Epoch: [0][2150/2988]	Time 1.242 (1.268)	Data 0.000 (0.015)	Loss 14.5609 (15.4657)	
Epoch: [0][2160/2988]	Time 1.245 (1.268)	Data 0.000 (0.014)	Loss 14.5712 (15.4623)	
Epoch: [0][2170/2988]	Time 1.247 (1.268)	Data 0.000 (0.014)	Loss 14.3936 (15.4569)	
Epoch: [0][2180/2988]	Time 1.244 (1.268)	Data 0.000 (0.014)	Loss 14.2977 (15.4518)	
Epoch: [0][2190/2988]	Time 1.242 (1.268)	Data 0.000 (0.014)	Loss 13.3024 (15.4436)	
Epoch: [0][2200/2988]	Time 1.248 (1.268)	Data 0.000 (0.014)	Loss 14.4398 (15.4368)	
Epoch: [0][2210/2988]	Time 1.242 (1.268)	Data 0.000 (0.014)	Loss 13.9857 (15.4322)	
Epoch: [0][2220/2988]	Time 1.248 (1.268)	Data 0.000 (0.014)	Loss 13.7795 (15.4259)	
Epoch: [0][2230/2988]	Time 1.247 (1.268)	Data 0.000 (0.014)	Loss 13.9060 (15.4190)	
Epoch: [0][2240/2988]	Time 1.243 (1.267)	Data 0.000 (0.014)	Loss 13.9046 (15.4118)	
Epoch: [0][2250/2988]	Time 1.245 (1.267)	Data 0.000 (0.014)	Loss 15.1248 (15.4104)	
Epoch: [0][2260/2988]	Time 1.246 (1.267)	Data 0.000 (0.014)	Loss 14.5347 (15.4058)	
Epoch: [0][2270/2988]	Time 1.247 (1.267)	Data 0.000 (0.014)	Loss 14.1356 (15.4025)	
Epoch: [0][2280/2988]	Time 1.248 (1.267)	Data 0.001 (0.014)	Loss 13.9721 (15.3970)	
Epoch: [0][2290/2988]	Time 1.244 (1.267)	Data 0.000 (0.014)	Loss 14.1979 (15.3911)	
Epoch: [0][2300/2988]	Time 1.250 (1.267)	Data 0.000 (0.014)	Loss 15.1238 (15.3882)	
Epoch: [0][2310/2988]	Time 1.245 (1.267)	Data 0.000 (0.014)	Loss 15.0540 (15.3877)	
Epoch: [0][2320/2988]	Time 1.247 (1.267)	Data 0.000 (0.013)	Loss 14.4027 (15.3842)	
Epoch: [0][2330/2988]	Time 1.244 (1.267)	Data 0.000 (0.013)	Loss 14.7901 (15.3806)	
Epoch: [0][2340/2988]	Time 1.244 (1.267)	Data 0.000 (0.013)	Loss 14.5695 (15.3786)	
Epoch: [0][2350/2988]	Time 1.249 (1.267)	Data 0.000 (0.013)	Loss 14.9080 (15.3766)	
Epoch: [0][2360/2988]	Time 1.245 (1.266)	Data 0.000 (0.013)	Loss 15.2208 (15.3757)	
Epoch: [0][2370/2988]	Time 1.244 (1.266)	Data 0.000 (0.013)	Loss 14.7035 (15.3743)	
Epoch: [0][2380/2988]	Time 1.245 (1.266)	Data 0.000 (0.013)	Loss 14.9287 (15.3706)	
Epoch: [0][2390/2988]	Time 1.244 (1.266)	Data 0.000 (0.013)	Loss 16.4638 (15.3724)	
Epoch: [0][2400/2988]	Time 1.244 (1.266)	Data 0.000 (0.013)	Loss 15.7896 (15.3757)	
Epoch: [0][2410/2988]	Time 1.246 (1.266)	Data 0.000 (0.013)	Loss 14.2375 (15.3743)	
Epoch: [0][2420/2988]	Time 1.245 (1.266)	Data 0.000 (0.013)	Loss 14.7477 (15.3708)	
Epoch: [0][2430/2988]	Time 1.247 (1.266)	Data 0.000 (0.013)	Loss 14.8168 (15.3683)	
Epoch: [0][2440/2988]	Time 1.245 (1.266)	Data 0.000 (0.013)	Loss 14.8617 (15.3659)	
Epoch: [0][2450/2988]	Time 1.248 (1.266)	Data 0.000 (0.013)	Loss 15.3085 (15.3646)	
Epoch: [0][2460/2988]	Time 1.245 (1.266)	Data 0.000 (0.013)	Loss 14.9876 (15.3641)	
Epoch: [0][2470/2988]	Time 1.243 (1.266)	Data 0.000 (0.013)	Loss 14.5633 (15.3613)	
Epoch: [0][2480/2988]	Time 1.248 (1.266)	Data 0.000 (0.013)	Loss 15.2652 (15.3588)	
Epoch: [0][2490/2988]	Time 1.246 (1.265)	Data 0.000 (0.013)	Loss 15.2914 (15.3585)	
Epoch: [0][2500/2988]	Time 1.246 (1.265)	Data 0.000 (0.013)	Loss 15.4429 (15.3594)	
Epoch: [0][2510/2988]	Time 1.246 (1.265)	Data 0.000 (0.012)	Loss 15.7557 (15.3603)	
Epoch: [0][2520/2988]	Time 1.240 (1.265)	Data 0.000 (0.012)	Loss 15.4514 (15.3608)	
Epoch: [0][2530/2988]	Time 1.245 (1.265)	Data 0.000 (0.012)	Loss 15.3990 (15.3608)	
Epoch: [0][2540/2988]	Time 1.246 (1.265)	Data 0.000 (0.012)	Loss 14.9141 (15.3602)	
Epoch: [0][2550/2988]	Time 1.243 (1.265)	Data 0.000 (0.012)	Loss 14.3354 (15.3568)	
Epoch: [0][2560/2988]	Time 1.247 (1.265)	Data 0.000 (0.012)	Loss 14.3817 (15.3535)	
Epoch: [0][2570/2988]	Time 1.245 (1.265)	Data 0.001 (0.012)	Loss 14.2587 (15.3499)	
Epoch: [0][2580/2988]	Time 1.244 (1.265)	Data 0.000 (0.012)	Loss 15.3480 (15.3478)	
Epoch: [0][2590/2988]	Time 1.243 (1.265)	Data 0.000 (0.012)	Loss 13.5179 (15.3447)	
Epoch: [0][2600/2988]	Time 1.244 (1.265)	Data 0.000 (0.012)	Loss 14.5223 (15.3393)	
Epoch: [0][2610/2988]	Time 1.245 (1.265)	Data 0.000 (0.012)	Loss 15.3313 (15.3383)	
Epoch: [0][2620/2988]	Time 1.246 (1.265)	Data 0.000 (0.012)	Loss 14.8477 (15.3365)	
Epoch: [0][2630/2988]	Time 1.244 (1.264)	Data 0.000 (0.012)	Loss 15.6471 (15.3363)	
Epoch: [0][2640/2988]	Time 1.251 (1.264)	Data 0.000 (0.012)	Loss 16.5266 (15.3390)	
Epoch: [0][2650/2988]	Time 1.245 (1.264)	Data 0.000 (0.012)	Loss 16.1264 (15.3423)	
Epoch: [0][2660/2988]	Time 1.273 (1.264)	Data 0.000 (0.012)	Loss 16.3364 (15.3449)	
Epoch: [0][2670/2988]	Time 1.248 (1.264)	Data 0.000 (0.012)	Loss 15.9197 (15.3476)	
Epoch: [0][2680/2988]	Time 1.293 (1.264)	Data 0.000 (0.012)	Loss 14.8702 (15.3472)	
Epoch: [0][2690/2988]	Time 1.247 (1.264)	Data 0.000 (0.012)	Loss 15.5338 (15.3467)	
Epoch: [0][2700/2988]	Time 1.249 (1.264)	Data 0.000 (0.012)	Loss 15.1527 (15.3463)	
Epoch: [0][2710/2988]	Time 1.243 (1.264)	Data 0.000 (0.012)	Loss 15.2770 (15.3464)	
Epoch: [0][2720/2988]	Time 1.245 (1.264)	Data 0.000 (0.012)	Loss 15.1447 (15.3465)	
Epoch: [0][2730/2988]	Time 1.247 (1.264)	Data 0.000 (0.012)	Loss 15.0864 (15.3460)	
Epoch: [0][2740/2988]	Time 1.246 (1.264)	Data 0.000 (0.011)	Loss 14.8766 (15.3447)	
Epoch: [0][2750/2988]	Time 1.246 (1.264)	Data 0.000 (0.011)	Loss 14.6961 (15.3423)	
Epoch: [0][2760/2988]	Time 1.242 (1.264)	Data 0.000 (0.011)	Loss 14.4115 (15.3391)	
Epoch: [0][2770/2988]	Time 1.246 (1.264)	Data 0.000 (0.011)	Loss 14.8529 (15.3359)	
Epoch: [0][2780/2988]	Time 1.247 (1.264)	Data 0.000 (0.011)	Loss 14.6191 (15.3330)	
Epoch: [0][2790/2988]	Time 1.244 (1.264)	Data 0.000 (0.011)	Loss 14.6909 (15.3305)	
Epoch: [0][2800/2988]	Time 1.257 (1.264)	Data 0.000 (0.011)	Loss 13.9423 (15.3259)	
Epoch: [0][2810/2988]	Time 1.243 (1.263)	Data 0.000 (0.011)	Loss 13.4549 (15.3209)	
Epoch: [0][2820/2988]	Time 1.247 (1.263)	Data 0.000 (0.011)	Loss 14.2207 (15.3152)	
Epoch: [0][2830/2988]	Time 1.244 (1.263)	Data 0.000 (0.011)	Loss 15.1230 (15.3131)	
Epoch: [0][2840/2988]	Time 1.247 (1.263)	Data 0.000 (0.011)	Loss 14.7031 (15.3118)	
Epoch: [0][2850/2988]	Time 1.244 (1.263)	Data 0.000 (0.011)	Loss 13.9693 (15.3078)	
Epoch: [0][2860/2988]	Time 1.243 (1.263)	Data 0.000 (0.011)	Loss 14.3198 (15.3036)	
Epoch: [0][2870/2988]	Time 1.287 (1.263)	Data 0.000 (0.011)	Loss 14.3033 (15.3002)	
Epoch: [0][2880/2988]	Time 1.248 (1.263)	Data 0.000 (0.011)	Loss 14.2851 (15.2957)	
Epoch: [0][2890/2988]	Time 1.243 (1.263)	Data 0.000 (0.011)	Loss 14.2875 (15.2918)	
Epoch: [0][2900/2988]	Time 1.245 (1.263)	Data 0.000 (0.011)	Loss 14.2184 (15.2885)	
Epoch: [0][2910/2988]	Time 1.245 (1.263)	Data 0.000 (0.011)	Loss 13.3775 (15.2834)	
Epoch: [0][2920/2988]	Time 1.244 (1.263)	Data 0.000 (0.011)	Loss 13.9339 (15.2774)	
Epoch: [0][2930/2988]	Time 1.245 (1.263)	Data 0.000 (0.011)	Loss 15.0071 (15.2751)	
Epoch: [0][2940/2988]	Time 1.244 (1.263)	Data 0.000 (0.011)	Loss 13.9467 (15.2722)	
Epoch: [0][2950/2988]	Time 1.245 (1.263)	Data 0.000 (0.011)	Loss 14.2840 (15.2672)	
Epoch: [0][2960/2988]	Time 1.243 (1.263)	Data 0.000 (0.011)	Loss 14.0882 (15.2640)	
Epoch: [0][2970/2988]	Time 1.246 (1.263)	Data 0.000 (0.011)	Loss 13.8340 (15.2589)	
Epoch: [0][2980/2988]	Time 1.276 (1.262)	Data 0.000 (0.011)	Loss 14.2415 (15.2542)	
Test [256/44622]	Net Time 1.790 (1.790)	Cls Time 0.669 (0.669)	Top1: 0.00
Test [512/44622]	Net Time 0.007 (0.899)	Cls Time 0.679 (0.674)	Top1: 0.00
Test [768/44622]	Net Time 0.009 (0.602)	Cls Time 0.679 (0.676)	Top1: 0.00
Test [1024/44622]	Net Time 0.007 (0.453)	Cls Time 0.680 (0.677)	Top1: 0.00
Test [1280/44622]	Net Time 0.008 (0.364)	Cls Time 0.678 (0.677)	Top1: 0.00
Test [1536/44622]	Net Time 0.011 (0.305)	Cls Time 0.682 (0.678)	Top1: 0.00
Test [1792/44622]	Net Time 0.007 (0.263)	Cls Time 0.681 (0.678)	Top1: 0.00
Test [2048/44622]	Net Time 0.008 (0.231)	Cls Time 0.680 (0.679)	Top1: 0.05
Test [2304/44622]	Net Time 0.061 (0.212)	Cls Time 0.645 (0.675)	Top1: 0.04
Test [2560/44622]	Net Time 0.006 (0.191)	Cls Time 0.680 (0.675)	Top1: 0.04
Test [2816/44622]	Net Time 0.006 (0.175)	Cls Time 0.696 (0.677)	Top1: 0.04
Test [3072/44622]	Net Time 0.007 (0.161)	Cls Time 0.680 (0.677)	Top1: 0.03
Test [3328/44622]	Net Time 0.008 (0.149)	Cls Time 0.680 (0.678)	Top1: 0.03
Test [3584/44622]	Net Time 0.007 (0.139)	Cls Time 0.680 (0.678)	Top1: 0.03
Test [3840/44622]	Net Time 0.006 (0.130)	Cls Time 0.681 (0.678)	Top1: 0.03
Test [4096/44622]	Net Time 0.008 (0.122)	Cls Time 0.685 (0.678)	Top1: 0.02
Test [4352/44622]	Net Time 0.006 (0.115)	Cls Time 0.709 (0.680)	Top1: 0.02
Test [4608/44622]	Net Time 0.006 (0.109)	Cls Time 0.682 (0.680)	Top1: 0.02
Test [4864/44622]	Net Time 0.007 (0.104)	Cls Time 0.680 (0.680)	Top1: 0.02
Test [5120/44622]	Net Time 0.007 (0.099)	Cls Time 0.681 (0.680)	Top1: 0.02
Test [5376/44622]	Net Time 0.007 (0.095)	Cls Time 0.681 (0.680)	Top1: 0.02
Test [5632/44622]	Net Time 0.006 (0.091)	Cls Time 0.682 (0.680)	Top1: 0.02
Test [5888/44622]	Net Time 0.007 (0.087)	Cls Time 0.680 (0.680)	Top1: 0.02
Test [6144/44622]	Net Time 0.007 (0.084)	Cls Time 0.680 (0.680)	Top1: 0.02
Test [6400/44622]	Net Time 0.007 (0.081)	Cls Time 0.680 (0.680)	Top1: 0.02
Test [6656/44622]	Net Time 0.007 (0.078)	Cls Time 0.680 (0.680)	Top1: 0.02
Test [6912/44622]	Net Time 0.006 (0.075)	Cls Time 0.680 (0.680)	Top1: 0.01
Test [7168/44622]	Net Time 0.008 (0.073)	Cls Time 0.680 (0.680)	Top1: 0.01
Test [7424/44622]	Net Time 0.006 (0.070)	Cls Time 0.682 (0.680)	Top1: 0.01
Test [7680/44622]	Net Time 0.007 (0.068)	Cls Time 0.680 (0.680)	Top1: 0.01
Test [7936/44622]	Net Time 0.011 (0.067)	Cls Time 0.677 (0.680)	Top1: 0.01
Test [8192/44622]	Net Time 0.006 (0.065)	Cls Time 0.680 (0.680)	Top1: 0.01
Test [8448/44622]	Net Time 0.007 (0.063)	Cls Time 0.680 (0.680)	Top1: 0.01
Test [8704/44622]	Net Time 0.006 (0.061)	Cls Time 0.695 (0.681)	Top1: 0.01
Test [8960/44622]	Net Time 0.006 (0.060)	Cls Time 0.681 (0.681)	Top1: 0.01
Test [9216/44622]	Net Time 0.007 (0.058)	Cls Time 0.681 (0.681)	Top1: 0.01
Test [9472/44622]	Net Time 0.006 (0.057)	Cls Time 0.682 (0.681)	Top1: 0.01
Test [9728/44622]	Net Time 0.008 (0.055)	Cls Time 0.678 (0.681)	Top1: 0.01
Test [9984/44622]	Net Time 0.008 (0.054)	Cls Time 0.679 (0.681)	Top1: 0.01
Test [10240/44622]	Net Time 0.007 (0.053)	Cls Time 0.682 (0.681)	Top1: 0.01
Test [10496/44622]	Net Time 0.006 (0.052)	Cls Time 0.682 (0.681)	Top1: 0.01
Test [10752/44622]	Net Time 0.007 (0.051)	Cls Time 0.679 (0.681)	Top1: 0.01
Test [11008/44622]	Net Time 0.006 (0.050)	Cls Time 0.681 (0.681)	Top1: 0.01
Test [11264/44622]	Net Time 0.007 (0.049)	Cls Time 0.680 (0.681)	Top1: 0.01
Test [11520/44622]	Net Time 0.006 (0.048)	Cls Time 0.680 (0.681)	Top1: 0.01
Test [11776/44622]	Net Time 0.008 (0.047)	Cls Time 0.681 (0.681)	Top1: 0.01
Test [12032/44622]	Net Time 0.007 (0.046)	Cls Time 0.680 (0.681)	Top1: 0.01
Test [12288/44622]	Net Time 0.006 (0.045)	Cls Time 0.679 (0.681)	Top1: 0.01
Test [12544/44622]	Net Time 0.007 (0.045)	Cls Time 0.679 (0.681)	Top1: 0.01
Test [12800/44622]	Net Time 0.007 (0.044)	Cls Time 0.680 (0.681)	Top1: 0.01
Test [13056/44622]	Net Time 0.006 (0.043)	Cls Time 0.682 (0.681)	Top1: 0.01
Test [13312/44622]	Net Time 0.008 (0.042)	Cls Time 0.677 (0.681)	Top1: 0.10
Test [13568/44622]	Net Time 0.006 (0.042)	Cls Time 0.681 (0.681)	Top1: 0.10
Test [13824/44622]	Net Time 0.006 (0.041)	Cls Time 0.681 (0.681)	Top1: 0.09
Test [14080/44622]	Net Time 0.007 (0.040)	Cls Time 0.681 (0.681)	Top1: 0.09
Test [14336/44622]	Net Time 0.006 (0.040)	Cls Time 0.680 (0.681)	Top1: 0.09
Test [14592/44622]	Net Time 0.007 (0.039)	Cls Time 0.680 (0.681)	Top1: 0.09
Test [14848/44622]	Net Time 0.006 (0.039)	Cls Time 0.680 (0.681)	Top1: 0.09
Test [15104/44622]	Net Time 0.008 (0.038)	Cls Time 0.680 (0.681)	Top1: 0.09
Test [15360/44622]	Net Time 0.006 (0.038)	Cls Time 0.681 (0.681)	Top1: 0.08
Test [15616/44622]	Net Time 0.006 (0.037)	Cls Time 0.679 (0.681)	Top1: 0.08
Test [15872/44622]	Net Time 0.006 (0.037)	Cls Time 0.681 (0.681)	Top1: 0.08
Test [16128/44622]	Net Time 0.006 (0.036)	Cls Time 0.681 (0.681)	Top1: 0.08
Test [16384/44622]	Net Time 0.061 (0.037)	Cls Time 0.626 (0.680)	Top1: 0.08
Test [16640/44622]	Net Time 0.008 (0.036)	Cls Time 0.680 (0.680)	Top1: 0.08
Test [16896/44622]	Net Time 0.008 (0.036)	Cls Time 0.679 (0.680)	Top1: 0.08
Test [17152/44622]	Net Time 0.007 (0.035)	Cls Time 0.681 (0.680)	Top1: 0.08
Test [17408/44622]	Net Time 0.007 (0.035)	Cls Time 0.679 (0.680)	Top1: 0.07
Test [17664/44622]	Net Time 0.006 (0.034)	Cls Time 0.682 (0.680)	Top1: 0.07
Test [17920/44622]	Net Time 0.006 (0.034)	Cls Time 0.682 (0.680)	Top1: 0.07
Test [18176/44622]	Net Time 0.007 (0.034)	Cls Time 0.680 (0.680)	Top1: 0.07
Test [18432/44622]	Net Time 0.007 (0.033)	Cls Time 0.686 (0.680)	Top1: 0.07
Test [18688/44622]	Net Time 0.006 (0.033)	Cls Time 0.681 (0.680)	Top1: 0.07
Test [18944/44622]	Net Time 0.051 (0.033)	Cls Time 0.657 (0.679)	Top1: 0.07
Test [19200/44622]	Net Time 0.007 (0.033)	Cls Time 0.681 (0.680)	Top1: 0.07
Test [19456/44622]	Net Time 0.009 (0.032)	Cls Time 0.677 (0.679)	Top1: 0.07
Test [19712/44622]	Net Time 0.007 (0.032)	Cls Time 0.703 (0.680)	Top1: 0.07
Test [19968/44622]	Net Time 0.006 (0.032)	Cls Time 0.681 (0.680)	Top1: 0.07
Test [20224/44622]	Net Time 0.007 (0.031)	Cls Time 0.679 (0.680)	Top1: 0.06
Test [20480/44622]	Net Time 0.006 (0.031)	Cls Time 0.681 (0.680)	Top1: 0.06
Test [20736/44622]	Net Time 0.006 (0.031)	Cls Time 0.681 (0.680)	Top1: 0.06
Test [20992/44622]	Net Time 0.006 (0.031)	Cls Time 0.682 (0.680)	Top1: 0.06
Test [21248/44622]	Net Time 0.006 (0.030)	Cls Time 0.682 (0.680)	Top1: 0.06
Test [21504/44622]	Net Time 0.010 (0.030)	Cls Time 0.678 (0.680)	Top1: 0.06
Test [21760/44622]	Net Time 0.021 (0.030)	Cls Time 0.667 (0.680)	Top1: 0.06
Test [22016/44622]	Net Time 0.009 (0.030)	Cls Time 0.679 (0.680)	Top1: 0.06
Test [22272/44622]	Net Time 0.008 (0.029)	Cls Time 0.680 (0.680)	Top1: 0.06
Test [22528/44622]	Net Time 0.013 (0.029)	Cls Time 0.675 (0.680)	Top1: 0.06
Test [22784/44622]	Net Time 0.011 (0.029)	Cls Time 0.677 (0.680)	Top1: 0.06
Test [23040/44622]	Net Time 0.007 (0.029)	Cls Time 0.681 (0.680)	Top1: 0.06
Test [23296/44622]	Net Time 0.008 (0.029)	Cls Time 0.680 (0.680)	Top1: 0.06
Test [23552/44622]	Net Time 0.008 (0.028)	Cls Time 0.680 (0.680)	Top1: 0.06
Test [23808/44622]	Net Time 0.008 (0.028)	Cls Time 0.680 (0.680)	Top1: 0.06
Test [24064/44622]	Net Time 0.275 (0.031)	Cls Time 0.679 (0.680)	Top1: 0.06
Test [24320/44622]	Net Time 0.008 (0.030)	Cls Time 0.690 (0.680)	Top1: 0.06
Test [24576/44622]	Net Time 0.013 (0.030)	Cls Time 0.674 (0.680)	Top1: 0.06
Test [24832/44622]	Net Time 0.009 (0.030)	Cls Time 0.678 (0.680)	Top1: 0.06
Test [25088/44622]	Net Time 0.981 (0.040)	Cls Time 0.675 (0.680)	Top1: 0.06
Test [25344/44622]	Net Time 0.008 (0.039)	Cls Time 0.679 (0.680)	Top1: 0.06
Test [25600/44622]	Net Time 0.008 (0.039)	Cls Time 0.678 (0.680)	Top1: 0.06
Test [25856/44622]	Net Time 0.008 (0.039)	Cls Time 0.680 (0.680)	Top1: 0.06
Test [26112/44622]	Net Time 0.791 (0.046)	Cls Time 0.679 (0.680)	Top1: 0.06
Test [26368/44622]	Net Time 0.008 (0.046)	Cls Time 0.681 (0.680)	Top1: 0.06
Test [26624/44622]	Net Time 0.637 (0.052)	Cls Time 0.679 (0.680)	Top1: 0.07
Test [26880/44622]	Net Time 0.006 (0.051)	Cls Time 0.680 (0.680)	Top1: 0.07
Test [27136/44622]	Net Time 0.692 (0.057)	Cls Time 0.681 (0.680)	Top1: 0.07
Test [27392/44622]	Net Time 0.009 (0.057)	Cls Time 0.679 (0.680)	Top1: 0.07
Test [27648/44622]	Net Time 0.008 (0.056)	Cls Time 0.680 (0.680)	Top1: 0.07
Test [27904/44622]	Net Time 0.221 (0.058)	Cls Time 0.681 (0.680)	Top1: 0.06
Test [28160/44622]	Net Time 0.809 (0.065)	Cls Time 0.677 (0.680)	Top1: 0.07
Test [28416/44622]	Net Time 0.009 (0.064)	Cls Time 0.677 (0.680)	Top1: 0.07
Test [28672/44622]	Net Time 0.008 (0.064)	Cls Time 0.680 (0.680)	Top1: 0.08
Test [28928/44622]	Net Time 0.454 (0.067)	Cls Time 0.680 (0.680)	Top1: 0.08
Test [29184/44622]	Net Time 1.464 (0.079)	Cls Time 0.681 (0.680)	Top1: 0.08
Test [29440/44622]	Net Time 0.008 (0.079)	Cls Time 0.679 (0.680)	Top1: 0.07
Test [29696/44622]	Net Time 0.028 (0.078)	Cls Time 0.659 (0.679)	Top1: 0.08
Test [29952/44622]	Net Time 0.006 (0.078)	Cls Time 0.682 (0.679)	Top1: 0.08
Test [30208/44622]	Net Time 0.652 (0.083)	Cls Time 0.679 (0.679)	Top1: 0.08
Test [30464/44622]	Net Time 0.009 (0.082)	Cls Time 0.679 (0.679)	Top1: 0.08
Test [30720/44622]	Net Time 0.006 (0.081)	Cls Time 0.682 (0.679)	Top1: 0.08
Test [30976/44622]	Net Time 0.009 (0.081)	Cls Time 0.678 (0.679)	Top1: 0.08
Test [31232/44622]	Net Time 1.150 (0.089)	Cls Time 0.681 (0.679)	Top1: 0.08
Test [31488/44622]	Net Time 0.008 (0.089)	Cls Time 0.680 (0.679)	Top1: 0.08
Test [31744/44622]	Net Time 0.007 (0.088)	Cls Time 0.681 (0.679)	Top1: 0.08
Test [32000/44622]	Net Time 0.006 (0.087)	Cls Time 0.681 (0.679)	Top1: 0.10
Test [32256/44622]	Net Time 0.768 (0.093)	Cls Time 0.681 (0.679)	Top1: 0.10
Test [32512/44622]	Net Time 0.009 (0.092)	Cls Time 0.679 (0.679)	Top1: 0.10
Test [32768/44622]	Net Time 0.008 (0.092)	Cls Time 0.680 (0.679)	Top1: 0.10
Test [33024/44622]	Net Time 0.006 (0.091)	Cls Time 0.683 (0.680)	Top1: 0.10
Test [33280/44622]	Net Time 1.029 (0.098)	Cls Time 0.670 (0.679)	Top1: 0.11
Test [33536/44622]	Net Time 0.011 (0.097)	Cls Time 0.679 (0.679)	Top1: 0.10
Test [33792/44622]	Net Time 0.010 (0.097)	Cls Time 0.678 (0.679)	Top1: 0.10
Test [34048/44622]	Net Time 0.328 (0.099)	Cls Time 0.679 (0.679)	Top1: 0.10
Test [34304/44622]	Net Time 1.057 (0.106)	Cls Time 0.681 (0.679)	Top1: 0.10
Test [34560/44622]	Net Time 0.006 (0.105)	Cls Time 0.680 (0.679)	Top1: 0.10
Test [34816/44622]	Net Time 0.006 (0.104)	Cls Time 0.682 (0.679)	Top1: 0.11
Test [35072/44622]	Net Time 0.171 (0.105)	Cls Time 0.677 (0.679)	Top1: 0.11
Test [35328/44622]	Net Time 0.569 (0.108)	Cls Time 0.679 (0.679)	Top1: 0.11
Test [35584/44622]	Net Time 0.006 (0.107)	Cls Time 0.681 (0.679)	Top1: 0.11
Test [35840/44622]	Net Time 0.008 (0.107)	Cls Time 0.681 (0.679)	Top1: 0.11
Test [36096/44622]	Net Time 0.384 (0.109)	Cls Time 0.681 (0.679)	Top1: 0.11
Test [36352/44622]	Net Time 0.686 (0.113)	Cls Time 0.678 (0.679)	Top1: 0.12
Test [36608/44622]	Net Time 0.008 (0.112)	Cls Time 0.681 (0.679)	Top1: 0.11
Test [36864/44622]	Net Time 0.019 (0.111)	Cls Time 0.669 (0.679)	Top1: 0.11
Test [37120/44622]	Net Time 1.549 (0.121)	Cls Time 0.679 (0.679)	Top1: 0.12
Test [37376/44622]	Net Time 0.008 (0.120)	Cls Time 0.679 (0.679)	Top1: 0.12
Test [37632/44622]	Net Time 0.009 (0.120)	Cls Time 0.678 (0.679)	Top1: 0.12
Test [37888/44622]	Net Time 0.008 (0.119)	Cls Time 0.679 (0.679)	Top1: 0.12
Test [38144/44622]	Net Time 1.334 (0.127)	Cls Time 0.681 (0.679)	Top1: 0.12
Test [38400/44622]	Net Time 0.008 (0.126)	Cls Time 0.679 (0.679)	Top1: 0.12
Test [38656/44622]	Net Time 0.006 (0.125)	Cls Time 0.681 (0.679)	Top1: 0.12
Test [38912/44622]	Net Time 0.008 (0.125)	Cls Time 0.678 (0.679)	Top1: 0.12
Test [39168/44622]	Net Time 0.871 (0.130)	Cls Time 0.681 (0.679)	Top1: 0.11
Test [39424/44622]	Net Time 0.006 (0.129)	Cls Time 0.681 (0.679)	Top1: 0.11
Test [39680/44622]	Net Time 0.008 (0.128)	Cls Time 0.679 (0.679)	Top1: 0.11
Test [39936/44622]	Net Time 0.011 (0.127)	Cls Time 0.675 (0.679)	Top1: 0.11
Test [40192/44622]	Net Time 0.908 (0.132)	Cls Time 0.676 (0.679)	Top1: 0.11
Test [40448/44622]	Net Time 0.008 (0.131)	Cls Time 0.681 (0.679)	Top1: 0.11
Test [40704/44622]	Net Time 0.013 (0.131)	Cls Time 0.674 (0.679)	Top1: 0.11
Test [40960/44622]	Net Time 0.009 (0.130)	Cls Time 0.680 (0.679)	Top1: 0.11
Test [41216/44622]	Net Time 0.669 (0.133)	Cls Time 0.680 (0.679)	Top1: 0.11
Test [41472/44622]	Net Time 0.006 (0.132)	Cls Time 0.681 (0.679)	Top1: 0.11
Test [41728/44622]	Net Time 0.009 (0.132)	Cls Time 0.679 (0.679)	Top1: 0.11
Test [41984/44622]	Net Time 0.008 (0.131)	Cls Time 0.679 (0.679)	Top1: 0.11
Test [42240/44622]	Net Time 0.877 (0.135)	Cls Time 0.675 (0.679)	Top1: 0.11
Test [42496/44622]	Net Time 0.006 (0.135)	Cls Time 0.680 (0.679)	Top1: 0.11
Test [42752/44622]	Net Time 0.009 (0.134)	Cls Time 0.676 (0.679)	Top1: 0.11
Test [43008/44622]	Net Time 0.007 (0.133)	Cls Time 0.680 (0.679)	Top1: 0.11
Test [43264/44622]	Net Time 0.578 (0.136)	Cls Time 0.679 (0.679)	Top1: 0.11
Test [43520/44622]	Net Time 0.206 (0.136)	Cls Time 0.679 (0.679)	Top1: 0.11
Test [43776/44622]	Net Time 0.005 (0.135)	Cls Time 0.683 (0.679)	Top1: 0.11
Test [44032/44622]	Net Time 0.006 (0.135)	Cls Time 0.681 (0.679)	Top1: 0.11
Test [44288/44622]	Net Time 0.275 (0.136)	Cls Time 0.675 (0.679)	Top1: 0.11
Test [44544/44622]	Net Time 0.370 (0.137)	Cls Time 0.676 (0.679)	Top1: 0.11
Test [44622/44622]	Net Time 1.158 (0.143)	Cls Time 0.221 (0.677)	Top1: 0.11
Traceback (most recent call last):
  File "/user_data/vayzenbe/GitHub_Repos/ginn/model_training/train_model.py", line 338, in <module>
    main()
  File "/user_data/vayzenbe/GitHub_Repos/ginn/model_training/train_model.py", line 231, in main
    save_checkpoint({
  File "/user_data/vayzenbe/GitHub_Repos/ginn/model_training/train_model.py", line 298, in save_checkpoint
    torch.save(state, f'{out_dir}/{filename}_checkpoint_{args.rand_seed}.pth.tar')
  File "/home/vayzenbe/anaconda3/envs/ml_new/lib/python3.9/site-packages/torch/serialization.py", line 377, in save
    with _open_file_like(f, 'wb') as opened_file:
  File "/home/vayzenbe/anaconda3/envs/ml_new/lib/python3.9/site-packages/torch/serialization.py", line 231, in _open_file_like
    return _open_file(name_or_buffer, mode)
  File "/home/vayzenbe/anaconda3/envs/ml_new/lib/python3.9/site-packages/torch/serialization.py", line 212, in __init__
    super(_open_file, self).__init__(open(name, mode))
FileNotFoundError: [Errno 2] No such file or directory: '/lab_data/behrmannlab/vlad/ginn/model_weights/cornet_z_/scratch/vayzenbe/imagenet_vggface_checkpoint_1.pth.tar'
