images transferred
libs loaded
read some args
cornet_z_sl_imagenet_vggface
model created..
=> loading checkpoint '/lab_data/behrmannlab/vlad/ginn/model_weights/cornet_z_sl_imagenet_vggface_15_1.pth.tar'
=> loaded checkpoint '/lab_data/behrmannlab/vlad/ginn/model_weights/cornet_z_sl_imagenet_vggface_15_1.pth.tar' (epoch 16)
data loaded
starting training...
Epoch: 16 	Training Loss: 1.937368 	Validation Loss: 2.003286 Test Accuracy: 0.579
Epoch: 17 	Training Loss: 1.917044 	Validation Loss: 1.969401 Test Accuracy: 0.585
Epoch: 18 	Training Loss: 1.892646 	Validation Loss: 1.966993 Test Accuracy: 0.586
Epoch: 19 	Training Loss: 1.866844 	Validation Loss: 1.960482 Test Accuracy: 0.588
Epoch: 20 	Training Loss: 1.841074 	Validation Loss: 1.946652 Test Accuracy: 0.588
Epoch: 21 	Training Loss: 1.815078 	Validation Loss: 1.946180 Test Accuracy: 0.589
Epoch: 22 	Training Loss: 1.783673 	Validation Loss: 1.942244 Test Accuracy: 0.590
Epoch: 23 	Training Loss: 1.744175 	Validation Loss: 1.948586 Test Accuracy: 0.588
Epoch: 24 	Training Loss: 1.706095 	Validation Loss: 1.975509 Test Accuracy: 0.587
Epoch: 25 	Training Loss: 1.648963 	Validation Loss: 1.961354 Test Accuracy: 0.588
Epoch: 26 	Training Loss: 1.738058 	Validation Loss: 1.909176 Test Accuracy: 0.599
Epoch: 27 	Training Loss: 1.721195 	Validation Loss: 1.904960 Test Accuracy: 0.599
Epoch: 28 	Training Loss: 1.713580 	Validation Loss: 1.903991 Test Accuracy: 0.599
Epoch: 29 	Training Loss: 1.707488 	Validation Loss: 1.909084 Test Accuracy: 0.601
Epoch: 30 	Training Loss: 1.699936 	Validation Loss: 1.891205 Test Accuracy: 0.603
